[0m14:58:23.099120 [debug] [MainThread]: Sending event: {'category': 'dbt', 'action': 'invocation', 'label': 'start', 'context': [<snowplow_tracker.self_describing_json.SelfDescribingJson object at 0x107c3b830>, <snowplow_tracker.self_describing_json.SelfDescribingJson object at 0x1101f65d0>, <snowplow_tracker.self_describing_json.SelfDescribingJson object at 0x1101f6360>]}


============================== 14:58:23.101382 | 209d395d-7a41-4dae-8278-302a1fa9e3ba ==============================
[0m14:58:23.101382 [info ] [MainThread]: Running with dbt=1.9.6
[0m14:58:23.101636 [debug] [MainThread]: running dbt with arguments {'printer_width': '80', 'indirect_selection': 'eager', 'log_cache_events': 'False', 'write_json': 'True', 'partial_parse': 'True', 'cache_selected_only': 'False', 'warn_error': 'None', 'version_check': 'True', 'profiles_dir': '/Users/mehdiafsharha/.dbt', 'log_path': '/Users/mehdiafsharha/Documents/dbt1/dbt_snowflake_project_1/logs', 'fail_fast': 'False', 'debug': 'False', 'use_colors': 'True', 'use_experimental_parser': 'False', 'no_print': 'None', 'quiet': 'False', 'empty': 'None', 'warn_error_options': 'WarnErrorOptions(include=[], exclude=[])', 'invocation_command': 'dbt debug', 'static_parser': 'True', 'introspect': 'True', 'target_path': 'None', 'log_format': 'default', 'send_anonymous_usage_stats': 'True'}
[0m14:58:23.114227 [info ] [MainThread]: dbt version: 1.9.6
[0m14:58:23.114424 [info ] [MainThread]: python version: 3.12.10
[0m14:58:23.114533 [info ] [MainThread]: python path: /Users/mehdiafsharha/Documents/dbt1/dbt-env/bin/python3.12
[0m14:58:23.114632 [info ] [MainThread]: os info: macOS-15.5-arm64-arm-64bit
[0m14:58:23.328129 [info ] [MainThread]: Using profiles dir at /Users/mehdiafsharha/.dbt
[0m14:58:23.328349 [info ] [MainThread]: Using profiles.yml file at /Users/mehdiafsharha/.dbt/profiles.yml
[0m14:58:23.328462 [info ] [MainThread]: Using dbt_project.yml file at /Users/mehdiafsharha/Documents/dbt1/dbt_snowflake_project_1/dbt_project.yml
[0m14:58:23.328845 [info ] [MainThread]: adapter type: snowflake
[0m14:58:23.328953 [info ] [MainThread]: adapter version: 1.9.4
[0m14:58:23.361931 [info ] [MainThread]: Configuration:
[0m14:58:23.362176 [info ] [MainThread]:   profiles.yml file [[32mOK found and valid[0m]
[0m14:58:23.362313 [info ] [MainThread]:   dbt_project.yml file [[32mOK found and valid[0m]
[0m14:58:23.362417 [info ] [MainThread]: Required dependencies:
[0m14:58:23.362772 [debug] [MainThread]: Executing "git --help"
[0m14:58:23.376318 [debug] [MainThread]: STDOUT: "b"usage: git [-v | --version] [-h | --help] [-C <path>] [-c <name>=<value>]\n           [--exec-path[=<path>]] [--html-path] [--man-path] [--info-path]\n           [-p | --paginate | -P | --no-pager] [--no-replace-objects] [--bare]\n           [--git-dir=<path>] [--work-tree=<path>] [--namespace=<name>]\n           [--super-prefix=<path>] [--config-env=<name>=<envvar>]\n           <command> [<args>]\n\nThese are common Git commands used in various situations:\n\nstart a working area (see also: git help tutorial)\n   clone     Clone a repository into a new directory\n   init      Create an empty Git repository or reinitialize an existing one\n\nwork on the current change (see also: git help everyday)\n   add       Add file contents to the index\n   mv        Move or rename a file, a directory, or a symlink\n   restore   Restore working tree files\n   rm        Remove files from the working tree and from the index\n\nexamine the history and state (see also: git help revisions)\n   bisect    Use binary search to find the commit that introduced a bug\n   diff      Show changes between commits, commit and working tree, etc\n   grep      Print lines matching a pattern\n   log       Show commit logs\n   show      Show various types of objects\n   status    Show the working tree status\n\ngrow, mark and tweak your common history\n   branch    List, create, or delete branches\n   commit    Record changes to the repository\n   merge     Join two or more development histories together\n   rebase    Reapply commits on top of another base tip\n   reset     Reset current HEAD to the specified state\n   switch    Switch branches\n   tag       Create, list, delete or verify a tag object signed with GPG\n\ncollaborate (see also: git help workflows)\n   fetch     Download objects and refs from another repository\n   pull      Fetch from and integrate with another repository or a local branch\n   push      Update remote refs along with associated objects\n\n'git help -a' and 'git help -g' list available subcommands and some\nconcept guides. See 'git help <command>' or 'git help <concept>'\nto read about a specific subcommand or concept.\nSee 'git help git' for an overview of the system.\n""
[0m14:58:23.376727 [debug] [MainThread]: STDERR: "b''"
[0m14:58:23.376849 [info ] [MainThread]:  - git [[32mOK found[0m]

[0m14:58:23.376967 [info ] [MainThread]: Connection:
[0m14:58:23.377090 [info ] [MainThread]:   account: https://hzpeags-cu38473.snowflakecomputing.com
[0m14:58:23.377188 [info ] [MainThread]:   user: dbt_user
[0m14:58:23.377276 [info ] [MainThread]:   database: DBT_HOL_DEV
[0m14:58:23.377365 [info ] [MainThread]:   warehouse: dbt_dev_wh
[0m14:58:23.377454 [info ] [MainThread]:   role: dbt_dev_role
[0m14:58:23.377542 [info ] [MainThread]:   schema: public
[0m14:58:23.377637 [info ] [MainThread]:   authenticator: None
[0m14:58:23.377722 [info ] [MainThread]:   oauth_client_id: None
[0m14:58:23.377815 [info ] [MainThread]:   query_tag: None
[0m14:58:23.377903 [info ] [MainThread]:   client_session_keep_alive: False
[0m14:58:23.377989 [info ] [MainThread]:   host: None
[0m14:58:23.378084 [info ] [MainThread]:   port: None
[0m14:58:23.378169 [info ] [MainThread]:   proxy_host: None
[0m14:58:23.378257 [info ] [MainThread]:   proxy_port: None
[0m14:58:23.378342 [info ] [MainThread]:   protocol: None
[0m14:58:23.378428 [info ] [MainThread]:   connect_retries: 1
[0m14:58:23.378514 [info ] [MainThread]:   connect_timeout: None
[0m14:58:23.378599 [info ] [MainThread]:   retry_on_database_errors: False
[0m14:58:23.378686 [info ] [MainThread]:   retry_all: False
[0m14:58:23.378772 [info ] [MainThread]:   insecure_mode: False
[0m14:58:23.378855 [info ] [MainThread]:   reuse_connections: True
[0m14:58:23.379117 [info ] [MainThread]: Registered adapter: snowflake=1.9.4
[0m14:58:23.428671 [debug] [MainThread]: Acquiring new snowflake connection 'debug'
[0m14:58:23.487204 [debug] [MainThread]: Using snowflake connection "debug"
[0m14:58:23.487369 [debug] [MainThread]: On debug: select 1 as id
[0m14:58:23.487466 [debug] [MainThread]: Opening a new connection, currently in state init
[0m14:58:24.617152 [debug] [MainThread]: Snowflake adapter: Error running SQL: select 1 as id
[0m14:58:24.618082 [debug] [MainThread]: Snowflake adapter: Rolling back transaction.
[0m14:58:24.618789 [info ] [MainThread]:   Connection test: [[31mERROR[0m]

[0m14:58:24.619706 [info ] [MainThread]: [31m1 check failed:[0m
[0m14:58:24.620290 [info ] [MainThread]: dbt was unable to connect to the specified database.
The database returned the following error:

  >Database Error
  250001: Could not connect to Snowflake backend after 2 attempt(s).Aborting

Check your database credentials and try again. For more information, visit:
https://docs.getdbt.com/docs/configure-your-profile


[0m14:58:24.626694 [debug] [MainThread]: Resource report: {"command_name": "debug", "command_success": false, "command_wall_clock_time": 1.5627791, "process_in_blocks": "0", "process_kernel_time": 0.177278, "process_mem_max_rss": "134332416", "process_out_blocks": "0", "process_user_time": 0.678948}
[0m14:58:24.627438 [debug] [MainThread]: Command `dbt debug` failed at 14:58:24.627304 after 1.56 seconds
[0m14:58:24.627950 [debug] [MainThread]: Connection 'debug' was left open.
[0m14:58:24.628309 [debug] [MainThread]: On debug: No close available on handle
[0m14:58:24.628742 [debug] [MainThread]: Sending event: {'category': 'dbt', 'action': 'invocation', 'label': 'end', 'context': [<snowplow_tracker.self_describing_json.SelfDescribingJson object at 0x1101f6660>, <snowplow_tracker.self_describing_json.SelfDescribingJson object at 0x111bb70e0>, <snowplow_tracker.self_describing_json.SelfDescribingJson object at 0x111d392e0>]}
[0m14:58:24.629289 [debug] [MainThread]: Flushing usage events
[0m14:58:25.411149 [debug] [MainThread]: An error was encountered while trying to flush usage events
[0m14:58:29.845502 [debug] [MainThread]: Sending event: {'category': 'dbt', 'action': 'invocation', 'label': 'start', 'context': [<snowplow_tracker.self_describing_json.SelfDescribingJson object at 0x106528200>, <snowplow_tracker.self_describing_json.SelfDescribingJson object at 0x106a02630>, <snowplow_tracker.self_describing_json.SelfDescribingJson object at 0x106a02390>]}


============================== 14:58:29.847793 | a8a727fc-4183-4989-9bad-c6aaf75ef762 ==============================
[0m14:58:29.847793 [info ] [MainThread]: Running with dbt=1.9.6
[0m14:58:29.848057 [debug] [MainThread]: running dbt with arguments {'printer_width': '80', 'indirect_selection': 'eager', 'write_json': 'True', 'log_cache_events': 'False', 'partial_parse': 'True', 'cache_selected_only': 'False', 'warn_error': 'None', 'debug': 'False', 'fail_fast': 'False', 'log_path': '/Users/mehdiafsharha/Documents/dbt1/dbt_snowflake_project_1/logs', 'profiles_dir': '/Users/mehdiafsharha/.dbt', 'version_check': 'True', 'use_colors': 'True', 'use_experimental_parser': 'False', 'no_print': 'None', 'quiet': 'False', 'empty': 'False', 'log_format': 'default', 'static_parser': 'True', 'invocation_command': 'dbt run', 'introspect': 'True', 'target_path': 'None', 'warn_error_options': 'WarnErrorOptions(include=[], exclude=[])', 'send_anonymous_usage_stats': 'True'}
[0m14:58:30.069438 [debug] [MainThread]: Sending event: {'category': 'dbt', 'action': 'project_id', 'label': 'a8a727fc-4183-4989-9bad-c6aaf75ef762', 'context': [<snowplow_tracker.self_describing_json.SelfDescribingJson object at 0x1044efaa0>]}
[0m14:58:30.088393 [debug] [MainThread]: Sending event: {'category': 'dbt', 'action': 'adapter_info', 'label': 'a8a727fc-4183-4989-9bad-c6aaf75ef762', 'context': [<snowplow_tracker.self_describing_json.SelfDescribingJson object at 0x105f1fb90>]}
[0m14:58:30.088974 [info ] [MainThread]: Registered adapter: snowflake=1.9.4
[0m14:58:30.162301 [debug] [MainThread]: checksum: dd6dc1e5178459e3de3bf2eeb7c86bed4be2266c311fce8c15d86eb4ff94e7ad, vars: {}, profile: , target: , version: 1.9.6
[0m14:58:30.162700 [info ] [MainThread]: Unable to do partial parsing because saved manifest not found. Starting full parse.
[0m14:58:30.162869 [debug] [MainThread]: Sending event: {'category': 'dbt', 'action': 'partial_parser', 'label': 'a8a727fc-4183-4989-9bad-c6aaf75ef762', 'context': [<snowplow_tracker.self_describing_json.SelfDescribingJson object at 0x107664d10>]}
[0m14:58:30.646496 [debug] [MainThread]: Sending event: {'category': 'dbt', 'action': 'load_project', 'label': 'a8a727fc-4183-4989-9bad-c6aaf75ef762', 'context': [<snowplow_tracker.self_describing_json.SelfDescribingJson object at 0x107b915b0>]}
[0m14:58:30.673995 [debug] [MainThread]: Wrote artifact WritableManifest to /Users/mehdiafsharha/Documents/dbt1/dbt_snowflake_project_1/target/manifest.json
[0m14:58:30.686282 [debug] [MainThread]: Wrote artifact SemanticManifest to /Users/mehdiafsharha/Documents/dbt1/dbt_snowflake_project_1/target/semantic_manifest.json
[0m14:58:30.714899 [debug] [MainThread]: Sending event: {'category': 'dbt', 'action': 'resource_counts', 'label': 'a8a727fc-4183-4989-9bad-c6aaf75ef762', 'context': [<snowplow_tracker.self_describing_json.SelfDescribingJson object at 0x107bcff20>]}
[0m14:58:30.715097 [info ] [MainThread]: Found 2 models, 4 data tests, 476 macros
[0m14:58:30.715236 [debug] [MainThread]: Sending event: {'category': 'dbt', 'action': 'runnable_timing', 'label': 'a8a727fc-4183-4989-9bad-c6aaf75ef762', 'context': [<snowplow_tracker.self_describing_json.SelfDescribingJson object at 0x107bda2d0>]}
[0m14:58:30.715936 [info ] [MainThread]: 
[0m14:58:30.716069 [info ] [MainThread]: Concurrency: 1 threads (target='dev')
[0m14:58:30.716168 [info ] [MainThread]: 
[0m14:58:30.716355 [debug] [MainThread]: Acquiring new snowflake connection 'master'
[0m14:58:30.718138 [debug] [ThreadPool]: Acquiring new snowflake connection 'list_DBT_HOL_DEV'
[0m14:58:30.775457 [debug] [ThreadPool]: Using snowflake connection "list_DBT_HOL_DEV"
[0m14:58:30.775650 [debug] [ThreadPool]: On list_DBT_HOL_DEV: /* {"app": "dbt", "dbt_version": "1.9.6", "profile_name": "dbt_snowflake_project_1", "target_name": "dev", "connection_name": "list_DBT_HOL_DEV"} */
show terse schemas in database DBT_HOL_DEV
    limit 10000
[0m14:58:30.775755 [debug] [ThreadPool]: Opening a new connection, currently in state init
[0m14:58:31.826446 [debug] [ThreadPool]: Snowflake adapter: Error running SQL: /* {"app": "dbt", "dbt_version": "1.9.6", "profile_name": "dbt_snowflake_project_1", "target_name": "dev", "connection_name": "list_DBT_HOL_DEV"} */
show terse schemas in database DBT_HOL_DEV
    limit 10000
[0m14:58:31.827454 [debug] [ThreadPool]: Snowflake adapter: Rolling back transaction.
[0m14:58:31.828351 [debug] [ThreadPool]: Snowflake adapter: Error running SQL: macro list_schemas
[0m14:58:31.828975 [debug] [ThreadPool]: Snowflake adapter: Rolling back transaction.
[0m14:58:31.830366 [debug] [MainThread]: Connection 'master' was properly closed.
[0m14:58:31.830685 [debug] [MainThread]: Connection 'list_DBT_HOL_DEV' was left open.
[0m14:58:31.830973 [debug] [MainThread]: On list_DBT_HOL_DEV: No close available on handle
[0m14:58:31.831280 [info ] [MainThread]: 
[0m14:58:31.831613 [info ] [MainThread]: Finished running  in 0 hours 0 minutes and 1.11 seconds (1.11s).
[0m14:58:31.832327 [error] [MainThread]: Encountered an error:
Runtime Error
  Database error while listing schemas in database "DBT_HOL_DEV"
  Database Error
    250001: Could not connect to Snowflake backend after 2 attempt(s).Aborting
[0m14:58:31.836582 [debug] [MainThread]: Resource report: {"command_name": "run", "command_success": false, "command_wall_clock_time": 2.0175998, "process_in_blocks": "0", "process_kernel_time": 0.176426, "process_mem_max_rss": "144539648", "process_out_blocks": "0", "process_user_time": 1.158561}
[0m14:58:31.837234 [debug] [MainThread]: Command `dbt run` failed at 14:58:31.837131 after 2.02 seconds
[0m14:58:31.837620 [debug] [MainThread]: Sending event: {'category': 'dbt', 'action': 'invocation', 'label': 'end', 'context': [<snowplow_tracker.self_describing_json.SelfDescribingJson object at 0x105eed160>, <snowplow_tracker.self_describing_json.SelfDescribingJson object at 0x107b9a3c0>, <snowplow_tracker.self_describing_json.SelfDescribingJson object at 0x107f05280>]}
[0m14:58:31.837986 [debug] [MainThread]: Flushing usage events
[0m14:58:32.446328 [debug] [MainThread]: An error was encountered while trying to flush usage events
[0m15:00:05.408778 [debug] [MainThread]: Sending event: {'category': 'dbt', 'action': 'invocation', 'label': 'start', 'context': [<snowplow_tracker.self_describing_json.SelfDescribingJson object at 0x108fd2420>, <snowplow_tracker.self_describing_json.SelfDescribingJson object at 0x10974e690>, <snowplow_tracker.self_describing_json.SelfDescribingJson object at 0x10974e420>]}


============================== 15:00:05.411551 | 434084e7-6c0b-4427-88df-b1ae3bedfd75 ==============================
[0m15:00:05.411551 [info ] [MainThread]: Running with dbt=1.9.6
[0m15:00:05.411803 [debug] [MainThread]: running dbt with arguments {'printer_width': '80', 'indirect_selection': 'eager', 'write_json': 'True', 'log_cache_events': 'False', 'partial_parse': 'True', 'cache_selected_only': 'False', 'warn_error': 'None', 'version_check': 'True', 'debug': 'False', 'log_path': '/Users/mehdiafsharha/Documents/dbt1/dbt_snowflake_project_1/logs', 'fail_fast': 'False', 'profiles_dir': '/Users/mehdiafsharha/.dbt', 'use_colors': 'True', 'use_experimental_parser': 'False', 'no_print': 'None', 'quiet': 'False', 'empty': 'False', 'log_format': 'default', 'static_parser': 'True', 'introspect': 'True', 'invocation_command': 'dbt run', 'target_path': 'None', 'warn_error_options': 'WarnErrorOptions(include=[], exclude=[])', 'send_anonymous_usage_stats': 'True'}
[0m15:00:05.709013 [debug] [MainThread]: Sending event: {'category': 'dbt', 'action': 'project_id', 'label': '434084e7-6c0b-4427-88df-b1ae3bedfd75', 'context': [<snowplow_tracker.self_describing_json.SelfDescribingJson object at 0x10a1b37a0>]}
[0m15:00:05.728005 [debug] [MainThread]: Sending event: {'category': 'dbt', 'action': 'adapter_info', 'label': '434084e7-6c0b-4427-88df-b1ae3bedfd75', 'context': [<snowplow_tracker.self_describing_json.SelfDescribingJson object at 0x10a0be5a0>]}
[0m15:00:05.728729 [info ] [MainThread]: Registered adapter: snowflake=1.9.4
[0m15:00:05.786444 [debug] [MainThread]: checksum: dd6dc1e5178459e3de3bf2eeb7c86bed4be2266c311fce8c15d86eb4ff94e7ad, vars: {}, profile: , target: , version: 1.9.6
[0m15:00:05.875762 [debug] [MainThread]: Partial parsing enabled: 0 files deleted, 1 files added, 0 files changed.
[0m15:00:05.876016 [debug] [MainThread]: Partial parsing: added file: dbt_snowflake_project_1://models/example/test1.sql
[0m15:00:05.987158 [debug] [MainThread]: Sending event: {'category': 'dbt', 'action': 'load_project', 'label': '434084e7-6c0b-4427-88df-b1ae3bedfd75', 'context': [<snowplow_tracker.self_describing_json.SelfDescribingJson object at 0x10a722510>]}
[0m15:00:06.022031 [debug] [MainThread]: Wrote artifact WritableManifest to /Users/mehdiafsharha/Documents/dbt1/dbt_snowflake_project_1/target/manifest.json
[0m15:00:06.030622 [debug] [MainThread]: Wrote artifact SemanticManifest to /Users/mehdiafsharha/Documents/dbt1/dbt_snowflake_project_1/target/semantic_manifest.json
[0m15:00:06.057486 [debug] [MainThread]: Sending event: {'category': 'dbt', 'action': 'resource_counts', 'label': '434084e7-6c0b-4427-88df-b1ae3bedfd75', 'context': [<snowplow_tracker.self_describing_json.SelfDescribingJson object at 0x10a751b20>]}
[0m15:00:06.057674 [info ] [MainThread]: Found 3 models, 4 data tests, 476 macros
[0m15:00:06.057804 [debug] [MainThread]: Sending event: {'category': 'dbt', 'action': 'runnable_timing', 'label': '434084e7-6c0b-4427-88df-b1ae3bedfd75', 'context': [<snowplow_tracker.self_describing_json.SelfDescribingJson object at 0x10a724da0>]}
[0m15:00:06.058453 [info ] [MainThread]: 
[0m15:00:06.058582 [info ] [MainThread]: Concurrency: 1 threads (target='dev')
[0m15:00:06.058688 [info ] [MainThread]: 
[0m15:00:06.058876 [debug] [MainThread]: Acquiring new snowflake connection 'master'
[0m15:00:06.060518 [debug] [ThreadPool]: Acquiring new snowflake connection 'list_DBT_HOL_DEV'
[0m15:00:06.131255 [debug] [ThreadPool]: Using snowflake connection "list_DBT_HOL_DEV"
[0m15:00:06.131442 [debug] [ThreadPool]: On list_DBT_HOL_DEV: /* {"app": "dbt", "dbt_version": "1.9.6", "profile_name": "dbt_snowflake_project_1", "target_name": "dev", "connection_name": "list_DBT_HOL_DEV"} */
show terse schemas in database DBT_HOL_DEV
    limit 10000
[0m15:00:06.131549 [debug] [ThreadPool]: Opening a new connection, currently in state init
[0m15:00:07.259968 [debug] [ThreadPool]: Snowflake adapter: Error running SQL: /* {"app": "dbt", "dbt_version": "1.9.6", "profile_name": "dbt_snowflake_project_1", "target_name": "dev", "connection_name": "list_DBT_HOL_DEV"} */
show terse schemas in database DBT_HOL_DEV
    limit 10000
[0m15:00:07.260767 [debug] [ThreadPool]: Snowflake adapter: Rolling back transaction.
[0m15:00:07.261331 [debug] [ThreadPool]: Snowflake adapter: Error running SQL: macro list_schemas
[0m15:00:07.261545 [debug] [ThreadPool]: Snowflake adapter: Rolling back transaction.
[0m15:00:07.262373 [debug] [MainThread]: Connection 'master' was properly closed.
[0m15:00:07.262682 [debug] [MainThread]: Connection 'list_DBT_HOL_DEV' was left open.
[0m15:00:07.262966 [debug] [MainThread]: On list_DBT_HOL_DEV: No close available on handle
[0m15:00:07.263268 [info ] [MainThread]: 
[0m15:00:07.263595 [info ] [MainThread]: Finished running  in 0 hours 0 minutes and 1.20 seconds (1.20s).
[0m15:00:07.263981 [error] [MainThread]: Encountered an error:
Runtime Error
  Database error while listing schemas in database "DBT_HOL_DEV"
  Database Error
    250001: Could not connect to Snowflake backend after 2 attempt(s).Aborting
[0m15:00:07.267296 [debug] [MainThread]: Resource report: {"command_name": "run", "command_success": false, "command_wall_clock_time": 1.8892846, "process_in_blocks": "0", "process_kernel_time": 0.226648, "process_mem_max_rss": "141246464", "process_out_blocks": "0", "process_user_time": 0.878987}
[0m15:00:07.267617 [debug] [MainThread]: Command `dbt run` failed at 15:00:07.267543 after 1.89 seconds
[0m15:00:07.267957 [debug] [MainThread]: Sending event: {'category': 'dbt', 'action': 'invocation', 'label': 'end', 'context': [<snowplow_tracker.self_describing_json.SelfDescribingJson object at 0x109708410>, <snowplow_tracker.self_describing_json.SelfDescribingJson object at 0x109617bf0>, <snowplow_tracker.self_describing_json.SelfDescribingJson object at 0x10a3b3740>]}
[0m15:00:07.268274 [debug] [MainThread]: Flushing usage events
[0m15:00:07.957775 [debug] [MainThread]: An error was encountered while trying to flush usage events
[0m15:01:58.056360 [debug] [MainThread]: Sending event: {'category': 'dbt', 'action': 'invocation', 'label': 'start', 'context': [<snowplow_tracker.self_describing_json.SelfDescribingJson object at 0x111a3fbc0>, <snowplow_tracker.self_describing_json.SelfDescribingJson object at 0x111b69010>, <snowplow_tracker.self_describing_json.SelfDescribingJson object at 0x114af6090>]}


============================== 15:01:58.066119 | ab23a790-60df-4a73-82a9-3e2c962eaea8 ==============================
[0m15:01:58.066119 [info ] [MainThread]: Running with dbt=1.9.6
[0m15:01:58.066453 [debug] [MainThread]: running dbt with arguments {'printer_width': '80', 'indirect_selection': 'eager', 'write_json': 'True', 'log_cache_events': 'False', 'partial_parse': 'True', 'cache_selected_only': 'False', 'profiles_dir': '/Users/mehdiafsharha/.dbt', 'fail_fast': 'False', 'debug': 'False', 'log_path': '/Users/mehdiafsharha/Documents/dbt1/dbt_snowflake_project_1/logs', 'version_check': 'True', 'warn_error': 'None', 'use_colors': 'True', 'use_experimental_parser': 'False', 'empty': 'None', 'quiet': 'False', 'no_print': 'None', 'log_format': 'default', 'invocation_command': 'dbt debug', 'static_parser': 'True', 'introspect': 'True', 'target_path': 'None', 'warn_error_options': 'WarnErrorOptions(include=[], exclude=[])', 'send_anonymous_usage_stats': 'True'}
[0m15:01:58.161572 [info ] [MainThread]: dbt version: 1.9.6
[0m15:01:58.161994 [info ] [MainThread]: python version: 3.12.10
[0m15:01:58.162231 [info ] [MainThread]: python path: /Users/mehdiafsharha/Documents/dbt1/dbt-env/bin/python3.12
[0m15:01:58.162475 [info ] [MainThread]: os info: macOS-15.5-arm64-arm-64bit
[0m15:02:00.358222 [info ] [MainThread]: Using profiles dir at /Users/mehdiafsharha/.dbt
[0m15:02:00.358572 [info ] [MainThread]: Using profiles.yml file at /Users/mehdiafsharha/.dbt/profiles.yml
[0m15:02:00.358749 [info ] [MainThread]: Using dbt_project.yml file at /Users/mehdiafsharha/Documents/dbt1/dbt_snowflake_project_1/dbt_project.yml
[0m15:02:00.363205 [info ] [MainThread]: adapter type: snowflake
[0m15:02:00.363378 [info ] [MainThread]: adapter version: 1.9.4
[0m15:02:00.405550 [info ] [MainThread]: Configuration:
[0m15:02:00.405852 [info ] [MainThread]:   profiles.yml file [[32mOK found and valid[0m]
[0m15:02:00.405980 [info ] [MainThread]:   dbt_project.yml file [[32mOK found and valid[0m]
[0m15:02:00.406089 [info ] [MainThread]: Required dependencies:
[0m15:02:00.406569 [debug] [MainThread]: Executing "git --help"
[0m15:02:00.442664 [debug] [MainThread]: STDOUT: "b"usage: git [-v | --version] [-h | --help] [-C <path>] [-c <name>=<value>]\n           [--exec-path[=<path>]] [--html-path] [--man-path] [--info-path]\n           [-p | --paginate | -P | --no-pager] [--no-replace-objects] [--bare]\n           [--git-dir=<path>] [--work-tree=<path>] [--namespace=<name>]\n           [--super-prefix=<path>] [--config-env=<name>=<envvar>]\n           <command> [<args>]\n\nThese are common Git commands used in various situations:\n\nstart a working area (see also: git help tutorial)\n   clone     Clone a repository into a new directory\n   init      Create an empty Git repository or reinitialize an existing one\n\nwork on the current change (see also: git help everyday)\n   add       Add file contents to the index\n   mv        Move or rename a file, a directory, or a symlink\n   restore   Restore working tree files\n   rm        Remove files from the working tree and from the index\n\nexamine the history and state (see also: git help revisions)\n   bisect    Use binary search to find the commit that introduced a bug\n   diff      Show changes between commits, commit and working tree, etc\n   grep      Print lines matching a pattern\n   log       Show commit logs\n   show      Show various types of objects\n   status    Show the working tree status\n\ngrow, mark and tweak your common history\n   branch    List, create, or delete branches\n   commit    Record changes to the repository\n   merge     Join two or more development histories together\n   rebase    Reapply commits on top of another base tip\n   reset     Reset current HEAD to the specified state\n   switch    Switch branches\n   tag       Create, list, delete or verify a tag object signed with GPG\n\ncollaborate (see also: git help workflows)\n   fetch     Download objects and refs from another repository\n   pull      Fetch from and integrate with another repository or a local branch\n   push      Update remote refs along with associated objects\n\n'git help -a' and 'git help -g' list available subcommands and some\nconcept guides. See 'git help <command>' or 'git help <concept>'\nto read about a specific subcommand or concept.\nSee 'git help git' for an overview of the system.\n""
[0m15:02:00.443082 [debug] [MainThread]: STDERR: "b''"
[0m15:02:00.443271 [info ] [MainThread]:  - git [[32mOK found[0m]

[0m15:02:00.443409 [info ] [MainThread]: Connection:
[0m15:02:00.443542 [info ] [MainThread]:   account: https://hzpeags-cu38473.snowflakecomputing.com
[0m15:02:00.443662 [info ] [MainThread]:   user: dbt_user
[0m15:02:00.443752 [info ] [MainThread]:   database: DBT_HOL_DEV
[0m15:02:00.443842 [info ] [MainThread]:   warehouse: dbt_dev_wh
[0m15:02:00.443932 [info ] [MainThread]:   role: dbt_dev_role
[0m15:02:00.444022 [info ] [MainThread]:   schema: public
[0m15:02:00.444118 [info ] [MainThread]:   authenticator: None
[0m15:02:00.444207 [info ] [MainThread]:   oauth_client_id: None
[0m15:02:00.444296 [info ] [MainThread]:   query_tag: None
[0m15:02:00.444384 [info ] [MainThread]:   client_session_keep_alive: False
[0m15:02:00.444472 [info ] [MainThread]:   host: None
[0m15:02:00.444563 [info ] [MainThread]:   port: None
[0m15:02:00.444650 [info ] [MainThread]:   proxy_host: None
[0m15:02:00.444738 [info ] [MainThread]:   proxy_port: None
[0m15:02:00.444825 [info ] [MainThread]:   protocol: None
[0m15:02:00.444911 [info ] [MainThread]:   connect_retries: 1
[0m15:02:00.444996 [info ] [MainThread]:   connect_timeout: None
[0m15:02:00.445083 [info ] [MainThread]:   retry_on_database_errors: False
[0m15:02:00.445168 [info ] [MainThread]:   retry_all: False
[0m15:02:00.445255 [info ] [MainThread]:   insecure_mode: False
[0m15:02:00.445341 [info ] [MainThread]:   reuse_connections: True
[0m15:02:00.445662 [info ] [MainThread]: Registered adapter: snowflake=1.9.4
[0m15:02:00.560636 [debug] [MainThread]: Acquiring new snowflake connection 'debug'
[0m15:02:00.962268 [debug] [MainThread]: Using snowflake connection "debug"
[0m15:02:00.962658 [debug] [MainThread]: On debug: select 1 as id
[0m15:02:00.962873 [debug] [MainThread]: Opening a new connection, currently in state init
[0m15:02:02.140664 [debug] [MainThread]: Snowflake adapter: Error running SQL: select 1 as id
[0m15:02:02.141442 [debug] [MainThread]: Snowflake adapter: Rolling back transaction.
[0m15:02:02.141958 [info ] [MainThread]:   Connection test: [[31mERROR[0m]

[0m15:02:02.142313 [info ] [MainThread]: [31m1 check failed:[0m
[0m15:02:02.142571 [info ] [MainThread]: dbt was unable to connect to the specified database.
The database returned the following error:

  >Database Error
  250001: Could not connect to Snowflake backend after 2 attempt(s).Aborting

Check your database credentials and try again. For more information, visit:
https://docs.getdbt.com/docs/configure-your-profile


[0m15:02:02.156639 [debug] [MainThread]: Resource report: {"command_name": "debug", "command_success": false, "command_wall_clock_time": 4.197538, "process_in_blocks": "0", "process_kernel_time": 0.817028, "process_mem_max_rss": "136462336", "process_out_blocks": "0", "process_user_time": 1.689796}
[0m15:02:02.157250 [debug] [MainThread]: Command `dbt debug` failed at 15:02:02.157131 after 4.20 seconds
[0m15:02:02.157606 [debug] [MainThread]: Connection 'debug' was left open.
[0m15:02:02.157861 [debug] [MainThread]: On debug: No close available on handle
[0m15:02:02.158164 [debug] [MainThread]: Sending event: {'category': 'dbt', 'action': 'invocation', 'label': 'end', 'context': [<snowplow_tracker.self_describing_json.SelfDescribingJson object at 0x1129e0f50>, <snowplow_tracker.self_describing_json.SelfDescribingJson object at 0x115bef6b0>, <snowplow_tracker.self_describing_json.SelfDescribingJson object at 0x116bb2e10>]}
[0m15:02:02.158544 [debug] [MainThread]: Flushing usage events
[0m15:02:02.907809 [debug] [MainThread]: An error was encountered while trying to flush usage events
[0m15:11:39.072818 [debug] [MainThread]: Sending event: {'category': 'dbt', 'action': 'invocation', 'label': 'start', 'context': [<snowplow_tracker.self_describing_json.SelfDescribingJson object at 0x10649ca70>, <snowplow_tracker.self_describing_json.SelfDescribingJson object at 0x10697a330>, <snowplow_tracker.self_describing_json.SelfDescribingJson object at 0x10697a090>]}


============================== 15:11:39.075700 | 474cdcc4-8302-411d-9ace-3994adfbaf79 ==============================
[0m15:11:39.075700 [info ] [MainThread]: Running with dbt=1.9.6
[0m15:11:39.075988 [debug] [MainThread]: running dbt with arguments {'printer_width': '80', 'indirect_selection': 'eager', 'log_cache_events': 'False', 'write_json': 'True', 'partial_parse': 'True', 'cache_selected_only': 'False', 'profiles_dir': '/Users/mehdiafsharha/.dbt', 'debug': 'False', 'fail_fast': 'False', 'log_path': '/Users/mehdiafsharha/Documents/dbt1/dbt_snowflake_project_1/logs', 'version_check': 'True', 'warn_error': 'None', 'use_colors': 'True', 'use_experimental_parser': 'False', 'no_print': 'None', 'quiet': 'False', 'empty': 'None', 'log_format': 'default', 'introspect': 'True', 'invocation_command': 'dbt debug', 'warn_error_options': 'WarnErrorOptions(include=[], exclude=[])', 'target_path': 'None', 'static_parser': 'True', 'send_anonymous_usage_stats': 'True'}
[0m15:11:39.089292 [info ] [MainThread]: dbt version: 1.9.6
[0m15:11:39.089505 [info ] [MainThread]: python version: 3.12.10
[0m15:11:39.089619 [info ] [MainThread]: python path: /Users/mehdiafsharha/Documents/dbt1/dbt-env/bin/python3.12
[0m15:11:39.089722 [info ] [MainThread]: os info: macOS-15.5-arm64-arm-64bit
[0m15:11:39.339495 [info ] [MainThread]: Using profiles dir at /Users/mehdiafsharha/.dbt
[0m15:11:39.339705 [info ] [MainThread]: Using profiles.yml file at /Users/mehdiafsharha/.dbt/profiles.yml
[0m15:11:39.339836 [info ] [MainThread]: Using dbt_project.yml file at /Users/mehdiafsharha/Documents/dbt1/dbt_snowflake_project_1/dbt_project.yml
[0m15:11:39.340222 [info ] [MainThread]: adapter type: snowflake
[0m15:11:39.340373 [info ] [MainThread]: adapter version: 1.9.4
[0m15:11:39.373512 [info ] [MainThread]: Configuration:
[0m15:11:39.373748 [info ] [MainThread]:   profiles.yml file [[32mOK found and valid[0m]
[0m15:11:39.373878 [info ] [MainThread]:   dbt_project.yml file [[32mOK found and valid[0m]
[0m15:11:39.373985 [info ] [MainThread]: Required dependencies:
[0m15:11:39.374436 [debug] [MainThread]: Executing "git --help"
[0m15:11:39.395501 [debug] [MainThread]: STDOUT: "b"usage: git [-v | --version] [-h | --help] [-C <path>] [-c <name>=<value>]\n           [--exec-path[=<path>]] [--html-path] [--man-path] [--info-path]\n           [-p | --paginate | -P | --no-pager] [--no-replace-objects] [--bare]\n           [--git-dir=<path>] [--work-tree=<path>] [--namespace=<name>]\n           [--super-prefix=<path>] [--config-env=<name>=<envvar>]\n           <command> [<args>]\n\nThese are common Git commands used in various situations:\n\nstart a working area (see also: git help tutorial)\n   clone     Clone a repository into a new directory\n   init      Create an empty Git repository or reinitialize an existing one\n\nwork on the current change (see also: git help everyday)\n   add       Add file contents to the index\n   mv        Move or rename a file, a directory, or a symlink\n   restore   Restore working tree files\n   rm        Remove files from the working tree and from the index\n\nexamine the history and state (see also: git help revisions)\n   bisect    Use binary search to find the commit that introduced a bug\n   diff      Show changes between commits, commit and working tree, etc\n   grep      Print lines matching a pattern\n   log       Show commit logs\n   show      Show various types of objects\n   status    Show the working tree status\n\ngrow, mark and tweak your common history\n   branch    List, create, or delete branches\n   commit    Record changes to the repository\n   merge     Join two or more development histories together\n   rebase    Reapply commits on top of another base tip\n   reset     Reset current HEAD to the specified state\n   switch    Switch branches\n   tag       Create, list, delete or verify a tag object signed with GPG\n\ncollaborate (see also: git help workflows)\n   fetch     Download objects and refs from another repository\n   pull      Fetch from and integrate with another repository or a local branch\n   push      Update remote refs along with associated objects\n\n'git help -a' and 'git help -g' list available subcommands and some\nconcept guides. See 'git help <command>' or 'git help <concept>'\nto read about a specific subcommand or concept.\nSee 'git help git' for an overview of the system.\n""
[0m15:11:39.395871 [debug] [MainThread]: STDERR: "b''"
[0m15:11:39.396012 [info ] [MainThread]:  - git [[32mOK found[0m]

[0m15:11:39.396142 [info ] [MainThread]: Connection:
[0m15:11:39.396273 [info ] [MainThread]:   account: https://hzpeags-cu38473.snowflakecomputing.com
[0m15:11:39.396374 [info ] [MainThread]:   user: dbt_user
[0m15:11:39.396466 [info ] [MainThread]:   database: DBT_HOL_DEV
[0m15:11:39.396557 [info ] [MainThread]:   warehouse: dbt_dev_wh
[0m15:11:39.396645 [info ] [MainThread]:   role: dbt_dev_role
[0m15:11:39.396736 [info ] [MainThread]:   schema: public
[0m15:11:39.396831 [info ] [MainThread]:   authenticator: None
[0m15:11:39.396917 [info ] [MainThread]:   oauth_client_id: None
[0m15:11:39.397005 [info ] [MainThread]:   query_tag: None
[0m15:11:39.397094 [info ] [MainThread]:   client_session_keep_alive: False
[0m15:11:39.397182 [info ] [MainThread]:   host: None
[0m15:11:39.397270 [info ] [MainThread]:   port: None
[0m15:11:39.397358 [info ] [MainThread]:   proxy_host: None
[0m15:11:39.397444 [info ] [MainThread]:   proxy_port: None
[0m15:11:39.397529 [info ] [MainThread]:   protocol: None
[0m15:11:39.397616 [info ] [MainThread]:   connect_retries: 1
[0m15:11:39.397702 [info ] [MainThread]:   connect_timeout: None
[0m15:11:39.397787 [info ] [MainThread]:   retry_on_database_errors: False
[0m15:11:39.397874 [info ] [MainThread]:   retry_all: False
[0m15:11:39.397962 [info ] [MainThread]:   insecure_mode: False
[0m15:11:39.398046 [info ] [MainThread]:   reuse_connections: True
[0m15:11:39.398304 [info ] [MainThread]: Registered adapter: snowflake=1.9.4
[0m15:11:39.449525 [debug] [MainThread]: Acquiring new snowflake connection 'debug'
[0m15:11:39.514091 [debug] [MainThread]: Using snowflake connection "debug"
[0m15:11:39.514256 [debug] [MainThread]: On debug: select 1 as id
[0m15:11:39.514355 [debug] [MainThread]: Opening a new connection, currently in state init
[0m15:11:40.633547 [debug] [MainThread]: Snowflake adapter: Error running SQL: select 1 as id
[0m15:11:40.634076 [debug] [MainThread]: Snowflake adapter: Rolling back transaction.
[0m15:11:40.634489 [info ] [MainThread]:   Connection test: [[31mERROR[0m]

[0m15:11:40.634842 [info ] [MainThread]: [31m1 check failed:[0m
[0m15:11:40.635114 [info ] [MainThread]: dbt was unable to connect to the specified database.
The database returned the following error:

  >Database Error
  250001: Could not connect to Snowflake backend after 2 attempt(s).Aborting

Check your database credentials and try again. For more information, visit:
https://docs.getdbt.com/docs/configure-your-profile


[0m15:11:40.638800 [debug] [MainThread]: Resource report: {"command_name": "debug", "command_success": false, "command_wall_clock_time": 1.59473, "process_in_blocks": "0", "process_kernel_time": 0.198091, "process_mem_max_rss": "133349376", "process_out_blocks": "0", "process_user_time": 0.676308}
[0m15:11:40.639344 [debug] [MainThread]: Command `dbt debug` failed at 15:11:40.639229 after 1.60 seconds
[0m15:11:40.639707 [debug] [MainThread]: Connection 'debug' was left open.
[0m15:11:40.640009 [debug] [MainThread]: On debug: No close available on handle
[0m15:11:40.640368 [debug] [MainThread]: Sending event: {'category': 'dbt', 'action': 'invocation', 'label': 'end', 'context': [<snowplow_tracker.self_describing_json.SelfDescribingJson object at 0x106305ca0>, <snowplow_tracker.self_describing_json.SelfDescribingJson object at 0x107b1f320>, <snowplow_tracker.self_describing_json.SelfDescribingJson object at 0x107303620>]}
[0m15:11:40.640737 [debug] [MainThread]: Flushing usage events
[0m15:11:41.355420 [debug] [MainThread]: An error was encountered while trying to flush usage events
[0m15:36:57.256476 [debug] [MainThread]: Sending event: {'category': 'dbt', 'action': 'invocation', 'label': 'start', 'context': [<snowplow_tracker.self_describing_json.SelfDescribingJson object at 0x12013b620>, <snowplow_tracker.self_describing_json.SelfDescribingJson object at 0x1078f59a0>, <snowplow_tracker.self_describing_json.SelfDescribingJson object at 0x1207f5f40>]}


============================== 15:36:57.265677 | 24ef825a-5c29-464e-9869-3031cb02a79a ==============================
[0m15:36:57.265677 [info ] [MainThread]: Running with dbt=1.9.6
[0m15:36:57.266000 [debug] [MainThread]: running dbt with arguments {'printer_width': '80', 'indirect_selection': 'eager', 'log_cache_events': 'False', 'write_json': 'True', 'partial_parse': 'True', 'cache_selected_only': 'False', 'warn_error': 'None', 'version_check': 'True', 'debug': 'False', 'log_path': '/Users/mehdiafsharha/Documents/dbt1/dbt_snowflake_project_1/logs', 'fail_fast': 'False', 'profiles_dir': '/Users/mehdiafsharha/.dbt', 'use_colors': 'True', 'use_experimental_parser': 'False', 'empty': 'None', 'quiet': 'False', 'no_print': 'None', 'warn_error_options': 'WarnErrorOptions(include=[], exclude=[])', 'static_parser': 'True', 'invocation_command': 'dbt debug', 'introspect': 'True', 'target_path': 'None', 'log_format': 'default', 'send_anonymous_usage_stats': 'True'}
[0m15:36:57.338270 [info ] [MainThread]: dbt version: 1.9.6
[0m15:36:57.338542 [info ] [MainThread]: python version: 3.12.10
[0m15:36:57.338658 [info ] [MainThread]: python path: /Users/mehdiafsharha/Documents/dbt1/dbt-env/bin/python3.12
[0m15:36:57.338763 [info ] [MainThread]: os info: macOS-15.5-arm64-arm-64bit
[0m15:36:59.450229 [info ] [MainThread]: Using profiles dir at /Users/mehdiafsharha/.dbt
[0m15:36:59.450549 [info ] [MainThread]: Using profiles.yml file at /Users/mehdiafsharha/.dbt/profiles.yml
[0m15:36:59.450687 [info ] [MainThread]: Using dbt_project.yml file at /Users/mehdiafsharha/Documents/dbt1/dbt_snowflake_project_1/dbt_project.yml
[0m15:36:59.455445 [info ] [MainThread]: adapter type: snowflake
[0m15:36:59.455628 [info ] [MainThread]: adapter version: 1.9.4
[0m15:36:59.500735 [info ] [MainThread]: Configuration:
[0m15:36:59.501012 [info ] [MainThread]:   profiles.yml file [[32mOK found and valid[0m]
[0m15:36:59.501134 [info ] [MainThread]:   dbt_project.yml file [[32mOK found and valid[0m]
[0m15:36:59.501250 [info ] [MainThread]: Required dependencies:
[0m15:36:59.501750 [debug] [MainThread]: Executing "git --help"
[0m15:36:59.527115 [debug] [MainThread]: STDOUT: "b"usage: git [-v | --version] [-h | --help] [-C <path>] [-c <name>=<value>]\n           [--exec-path[=<path>]] [--html-path] [--man-path] [--info-path]\n           [-p | --paginate | -P | --no-pager] [--no-replace-objects] [--bare]\n           [--git-dir=<path>] [--work-tree=<path>] [--namespace=<name>]\n           [--super-prefix=<path>] [--config-env=<name>=<envvar>]\n           <command> [<args>]\n\nThese are common Git commands used in various situations:\n\nstart a working area (see also: git help tutorial)\n   clone     Clone a repository into a new directory\n   init      Create an empty Git repository or reinitialize an existing one\n\nwork on the current change (see also: git help everyday)\n   add       Add file contents to the index\n   mv        Move or rename a file, a directory, or a symlink\n   restore   Restore working tree files\n   rm        Remove files from the working tree and from the index\n\nexamine the history and state (see also: git help revisions)\n   bisect    Use binary search to find the commit that introduced a bug\n   diff      Show changes between commits, commit and working tree, etc\n   grep      Print lines matching a pattern\n   log       Show commit logs\n   show      Show various types of objects\n   status    Show the working tree status\n\ngrow, mark and tweak your common history\n   branch    List, create, or delete branches\n   commit    Record changes to the repository\n   merge     Join two or more development histories together\n   rebase    Reapply commits on top of another base tip\n   reset     Reset current HEAD to the specified state\n   switch    Switch branches\n   tag       Create, list, delete or verify a tag object signed with GPG\n\ncollaborate (see also: git help workflows)\n   fetch     Download objects and refs from another repository\n   pull      Fetch from and integrate with another repository or a local branch\n   push      Update remote refs along with associated objects\n\n'git help -a' and 'git help -g' list available subcommands and some\nconcept guides. See 'git help <command>' or 'git help <concept>'\nto read about a specific subcommand or concept.\nSee 'git help git' for an overview of the system.\n""
[0m15:36:59.527608 [debug] [MainThread]: STDERR: "b''"
[0m15:36:59.527773 [info ] [MainThread]:  - git [[32mOK found[0m]

[0m15:36:59.527917 [info ] [MainThread]: Connection:
[0m15:36:59.528048 [info ] [MainThread]:   account: https://hzpeags-cu38473.snowflakecomputing.com
[0m15:36:59.528168 [info ] [MainThread]:   user: dbt_user
[0m15:36:59.528256 [info ] [MainThread]:   database: DBT_HOL_DEV
[0m15:36:59.528344 [info ] [MainThread]:   warehouse: dbt_dev_wh
[0m15:36:59.528428 [info ] [MainThread]:   role: dbt_dev_role
[0m15:36:59.528518 [info ] [MainThread]:   schema: public
[0m15:36:59.528609 [info ] [MainThread]:   authenticator: None
[0m15:36:59.528693 [info ] [MainThread]:   oauth_client_id: None
[0m15:36:59.528780 [info ] [MainThread]:   query_tag: None
[0m15:36:59.528865 [info ] [MainThread]:   client_session_keep_alive: False
[0m15:36:59.528956 [info ] [MainThread]:   host: None
[0m15:36:59.529043 [info ] [MainThread]:   port: None
[0m15:36:59.529126 [info ] [MainThread]:   proxy_host: None
[0m15:36:59.529212 [info ] [MainThread]:   proxy_port: None
[0m15:36:59.529296 [info ] [MainThread]:   protocol: None
[0m15:36:59.529379 [info ] [MainThread]:   connect_retries: 1
[0m15:36:59.529460 [info ] [MainThread]:   connect_timeout: None
[0m15:36:59.529544 [info ] [MainThread]:   retry_on_database_errors: False
[0m15:36:59.529628 [info ] [MainThread]:   retry_all: False
[0m15:36:59.529709 [info ] [MainThread]:   insecure_mode: False
[0m15:36:59.529792 [info ] [MainThread]:   reuse_connections: True
[0m15:36:59.530108 [info ] [MainThread]: Registered adapter: snowflake=1.9.4
[0m15:36:59.656283 [debug] [MainThread]: Acquiring new snowflake connection 'debug'
[0m15:37:00.030584 [debug] [MainThread]: Using snowflake connection "debug"
[0m15:37:00.031067 [debug] [MainThread]: On debug: select 1 as id
[0m15:37:00.031367 [debug] [MainThread]: Opening a new connection, currently in state init
[0m15:37:01.222754 [debug] [MainThread]: Snowflake adapter: Error running SQL: select 1 as id
[0m15:37:01.223524 [debug] [MainThread]: Snowflake adapter: Rolling back transaction.
[0m15:37:01.224080 [info ] [MainThread]:   Connection test: [[31mERROR[0m]

[0m15:37:01.224535 [info ] [MainThread]: [31m1 check failed:[0m
[0m15:37:01.224870 [info ] [MainThread]: dbt was unable to connect to the specified database.
The database returned the following error:

  >Database Error
  250001: Could not connect to Snowflake backend after 2 attempt(s).Aborting

Check your database credentials and try again. For more information, visit:
https://docs.getdbt.com/docs/configure-your-profile


[0m15:37:01.245677 [debug] [MainThread]: Resource report: {"command_name": "debug", "command_success": false, "command_wall_clock_time": 4.073722, "process_in_blocks": "0", "process_kernel_time": 0.809717, "process_mem_max_rss": "136740864", "process_out_blocks": "0", "process_user_time": 1.674651}
[0m15:37:01.246305 [debug] [MainThread]: Command `dbt debug` failed at 15:37:01.246190 after 4.07 seconds
[0m15:37:01.246676 [debug] [MainThread]: Connection 'debug' was left open.
[0m15:37:01.246932 [debug] [MainThread]: On debug: No close available on handle
[0m15:37:01.247214 [debug] [MainThread]: Sending event: {'category': 'dbt', 'action': 'invocation', 'label': 'end', 'context': [<snowplow_tracker.self_describing_json.SelfDescribingJson object at 0x1206f81a0>, <snowplow_tracker.self_describing_json.SelfDescribingJson object at 0x121c45250>, <snowplow_tracker.self_describing_json.SelfDescribingJson object at 0x1207d6120>]}
[0m15:37:01.247463 [debug] [MainThread]: Flushing usage events
[0m15:37:01.952752 [debug] [MainThread]: An error was encountered while trying to flush usage events
[0m15:37:13.916033 [debug] [MainThread]: Sending event: {'category': 'dbt', 'action': 'invocation', 'label': 'start', 'context': [<snowplow_tracker.self_describing_json.SelfDescribingJson object at 0x10450eba0>, <snowplow_tracker.self_describing_json.SelfDescribingJson object at 0x10511c2f0>, <snowplow_tracker.self_describing_json.SelfDescribingJson object at 0x10515e360>]}


============================== 15:37:13.918229 | 523e790b-0720-4421-a503-5a86ee2257ab ==============================
[0m15:37:13.918229 [info ] [MainThread]: Running with dbt=1.9.6
[0m15:37:13.918478 [debug] [MainThread]: running dbt with arguments {'printer_width': '80', 'indirect_selection': 'eager', 'write_json': 'True', 'log_cache_events': 'False', 'partial_parse': 'True', 'cache_selected_only': 'False', 'profiles_dir': '/Users/mehdiafsharha/.dbt', 'fail_fast': 'False', 'version_check': 'True', 'log_path': '/Users/mehdiafsharha/Documents/dbt1/dbt_snowflake_project_1/logs', 'warn_error': 'None', 'debug': 'False', 'use_colors': 'True', 'use_experimental_parser': 'False', 'empty': 'None', 'quiet': 'False', 'no_print': 'None', 'log_format': 'default', 'static_parser': 'True', 'introspect': 'True', 'invocation_command': 'dbt test', 'target_path': 'None', 'warn_error_options': 'WarnErrorOptions(include=[], exclude=[])', 'send_anonymous_usage_stats': 'True'}
[0m15:37:14.143627 [debug] [MainThread]: Sending event: {'category': 'dbt', 'action': 'project_id', 'label': '523e790b-0720-4421-a503-5a86ee2257ab', 'context': [<snowplow_tracker.self_describing_json.SelfDescribingJson object at 0x105e53a40>]}
[0m15:37:14.162812 [debug] [MainThread]: Sending event: {'category': 'dbt', 'action': 'adapter_info', 'label': '523e790b-0720-4421-a503-5a86ee2257ab', 'context': [<snowplow_tracker.self_describing_json.SelfDescribingJson object at 0x105c395b0>]}
[0m15:37:14.163369 [info ] [MainThread]: Registered adapter: snowflake=1.9.4
[0m15:37:14.238106 [debug] [MainThread]: checksum: dd6dc1e5178459e3de3bf2eeb7c86bed4be2266c311fce8c15d86eb4ff94e7ad, vars: {}, profile: , target: , version: 1.9.6
[0m15:37:14.501519 [debug] [MainThread]: Partial parsing enabled: 0 files deleted, 0 files added, 0 files changed.
[0m15:37:14.501928 [debug] [MainThread]: Partial parsing enabled, no changes found, skipping parsing
[0m15:37:14.523836 [debug] [MainThread]: Sending event: {'category': 'dbt', 'action': 'load_project', 'label': '523e790b-0720-4421-a503-5a86ee2257ab', 'context': [<snowplow_tracker.self_describing_json.SelfDescribingJson object at 0x1057b1670>]}
[0m15:37:14.559544 [debug] [MainThread]: Wrote artifact WritableManifest to /Users/mehdiafsharha/Documents/dbt1/dbt_snowflake_project_1/target/manifest.json
[0m15:37:14.565151 [debug] [MainThread]: Wrote artifact SemanticManifest to /Users/mehdiafsharha/Documents/dbt1/dbt_snowflake_project_1/target/semantic_manifest.json
[0m15:37:14.596142 [debug] [MainThread]: Sending event: {'category': 'dbt', 'action': 'resource_counts', 'label': '523e790b-0720-4421-a503-5a86ee2257ab', 'context': [<snowplow_tracker.self_describing_json.SelfDescribingJson object at 0x106328140>]}
[0m15:37:14.596403 [info ] [MainThread]: Found 3 models, 4 data tests, 476 macros
[0m15:37:14.596552 [debug] [MainThread]: Sending event: {'category': 'dbt', 'action': 'runnable_timing', 'label': '523e790b-0720-4421-a503-5a86ee2257ab', 'context': [<snowplow_tracker.self_describing_json.SelfDescribingJson object at 0x105e73740>]}
[0m15:37:14.597868 [info ] [MainThread]: 
[0m15:37:14.598020 [info ] [MainThread]: Concurrency: 1 threads (target='dev')
[0m15:37:14.598127 [info ] [MainThread]: 
[0m15:37:14.598340 [debug] [MainThread]: Acquiring new snowflake connection 'master'
[0m15:37:14.600356 [debug] [ThreadPool]: Acquiring new snowflake connection 'list_DBT_HOL_DEV_public'
[0m15:37:14.689861 [debug] [ThreadPool]: Using snowflake connection "list_DBT_HOL_DEV_public"
[0m15:37:14.690065 [debug] [ThreadPool]: On list_DBT_HOL_DEV_public: /* {"app": "dbt", "dbt_version": "1.9.6", "profile_name": "dbt_snowflake_project_1", "target_name": "dev", "connection_name": "list_DBT_HOL_DEV_public"} */
alter session set quoted_identifiers_ignore_case = false;
[0m15:37:14.690168 [debug] [ThreadPool]: Opening a new connection, currently in state init
[0m15:37:15.742374 [debug] [ThreadPool]: Snowflake adapter: Error running SQL: /* {"app": "dbt", "dbt_version": "1.9.6", "profile_name": "dbt_snowflake_project_1", "target_name": "dev", "connection_name": "list_DBT_HOL_DEV_public"} */
alter session set quoted_identifiers_ignore_case = false;
[0m15:37:15.743087 [debug] [ThreadPool]: Snowflake adapter: Rolling back transaction.
[0m15:37:15.743672 [debug] [ThreadPool]: Snowflake adapter: Error running SQL: macro list_relations_without_caching
[0m15:37:15.744138 [debug] [ThreadPool]: Snowflake adapter: Rolling back transaction.
[0m15:37:15.745312 [debug] [MainThread]: Connection 'master' was properly closed.
[0m15:37:15.745738 [debug] [MainThread]: Connection 'list_DBT_HOL_DEV_public' was left open.
[0m15:37:15.746134 [debug] [MainThread]: On list_DBT_HOL_DEV_public: No close available on handle
[0m15:37:15.746567 [info ] [MainThread]: 
[0m15:37:15.747023 [info ] [MainThread]: Finished running  in 0 hours 0 minutes and 1.15 seconds (1.15s).
[0m15:37:15.747655 [error] [MainThread]: Encountered an error:
Database Error
  250001: Could not connect to Snowflake backend after 2 attempt(s).Aborting
[0m15:37:15.756313 [debug] [MainThread]: Resource report: {"command_name": "test", "command_success": false, "command_wall_clock_time": 1.8748462, "process_in_blocks": "0", "process_kernel_time": 0.178813, "process_mem_max_rss": "140787712", "process_out_blocks": "0", "process_user_time": 0.836524}
[0m15:37:15.756887 [debug] [MainThread]: Command `dbt test` failed at 15:37:15.756823 after 1.88 seconds
[0m15:37:15.757127 [debug] [MainThread]: Sending event: {'category': 'dbt', 'action': 'invocation', 'label': 'end', 'context': [<snowplow_tracker.self_describing_json.SelfDescribingJson object at 0x10511c1d0>, <snowplow_tracker.self_describing_json.SelfDescribingJson object at 0x1061c7920>, <snowplow_tracker.self_describing_json.SelfDescribingJson object at 0x1062fd370>]}
[0m15:37:15.757350 [debug] [MainThread]: Flushing usage events
[0m15:37:16.397558 [debug] [MainThread]: An error was encountered while trying to flush usage events
[0m15:41:38.051235 [debug] [MainThread]: Sending event: {'category': 'dbt', 'action': 'invocation', 'label': 'start', 'context': [<snowplow_tracker.self_describing_json.SelfDescribingJson object at 0x102bdc8c0>, <snowplow_tracker.self_describing_json.SelfDescribingJson object at 0x104f56240>, <snowplow_tracker.self_describing_json.SelfDescribingJson object at 0x104f55e20>]}


============================== 15:41:38.055212 | 0dcade4c-eaa2-4e19-928b-1cf68e011bd1 ==============================
[0m15:41:38.055212 [info ] [MainThread]: Running with dbt=1.9.6
[0m15:41:38.055487 [debug] [MainThread]: running dbt with arguments {'printer_width': '80', 'indirect_selection': 'eager', 'log_cache_events': 'False', 'write_json': 'True', 'partial_parse': 'True', 'cache_selected_only': 'False', 'warn_error': 'None', 'version_check': 'True', 'fail_fast': 'False', 'log_path': '/Users/mehdiafsharha/Documents/dbt1/dbt_snowflake_project_1/logs', 'profiles_dir': '/Users/mehdiafsharha/.dbt', 'debug': 'False', 'use_colors': 'True', 'use_experimental_parser': 'False', 'no_print': 'None', 'quiet': 'False', 'empty': 'None', 'log_format': 'default', 'invocation_command': 'dbt debug', 'introspect': 'True', 'warn_error_options': 'WarnErrorOptions(include=[], exclude=[])', 'target_path': 'None', 'static_parser': 'True', 'send_anonymous_usage_stats': 'True'}
[0m15:41:38.073464 [info ] [MainThread]: dbt version: 1.9.6
[0m15:41:38.073706 [info ] [MainThread]: python version: 3.12.10
[0m15:41:38.073817 [info ] [MainThread]: python path: /Users/mehdiafsharha/Documents/dbt1/dbt-env/bin/python3.12
[0m15:41:38.073916 [info ] [MainThread]: os info: macOS-15.5-arm64-arm-64bit
[0m15:41:38.558174 [info ] [MainThread]: Using profiles dir at /Users/mehdiafsharha/.dbt
[0m15:41:38.558447 [info ] [MainThread]: Using profiles.yml file at /Users/mehdiafsharha/.dbt/profiles.yml
[0m15:41:38.558565 [info ] [MainThread]: Using dbt_project.yml file at /Users/mehdiafsharha/Documents/dbt1/dbt_snowflake_project_1/dbt_project.yml
[0m15:41:38.559217 [info ] [MainThread]: adapter type: snowflake
[0m15:41:38.559393 [info ] [MainThread]: adapter version: 1.9.4
[0m15:41:38.599297 [info ] [MainThread]: Configuration:
[0m15:41:38.599577 [info ] [MainThread]:   profiles.yml file [[32mOK found and valid[0m]
[0m15:41:38.599694 [info ] [MainThread]:   dbt_project.yml file [[32mOK found and valid[0m]
[0m15:41:38.599795 [info ] [MainThread]: Required dependencies:
[0m15:41:38.600154 [debug] [MainThread]: Executing "git --help"
[0m15:41:38.619900 [debug] [MainThread]: STDOUT: "b"usage: git [-v | --version] [-h | --help] [-C <path>] [-c <name>=<value>]\n           [--exec-path[=<path>]] [--html-path] [--man-path] [--info-path]\n           [-p | --paginate | -P | --no-pager] [--no-replace-objects] [--bare]\n           [--git-dir=<path>] [--work-tree=<path>] [--namespace=<name>]\n           [--super-prefix=<path>] [--config-env=<name>=<envvar>]\n           <command> [<args>]\n\nThese are common Git commands used in various situations:\n\nstart a working area (see also: git help tutorial)\n   clone     Clone a repository into a new directory\n   init      Create an empty Git repository or reinitialize an existing one\n\nwork on the current change (see also: git help everyday)\n   add       Add file contents to the index\n   mv        Move or rename a file, a directory, or a symlink\n   restore   Restore working tree files\n   rm        Remove files from the working tree and from the index\n\nexamine the history and state (see also: git help revisions)\n   bisect    Use binary search to find the commit that introduced a bug\n   diff      Show changes between commits, commit and working tree, etc\n   grep      Print lines matching a pattern\n   log       Show commit logs\n   show      Show various types of objects\n   status    Show the working tree status\n\ngrow, mark and tweak your common history\n   branch    List, create, or delete branches\n   commit    Record changes to the repository\n   merge     Join two or more development histories together\n   rebase    Reapply commits on top of another base tip\n   reset     Reset current HEAD to the specified state\n   switch    Switch branches\n   tag       Create, list, delete or verify a tag object signed with GPG\n\ncollaborate (see also: git help workflows)\n   fetch     Download objects and refs from another repository\n   pull      Fetch from and integrate with another repository or a local branch\n   push      Update remote refs along with associated objects\n\n'git help -a' and 'git help -g' list available subcommands and some\nconcept guides. See 'git help <command>' or 'git help <concept>'\nto read about a specific subcommand or concept.\nSee 'git help git' for an overview of the system.\n""
[0m15:41:38.620446 [debug] [MainThread]: STDERR: "b''"
[0m15:41:38.620643 [info ] [MainThread]:  - git [[32mOK found[0m]

[0m15:41:38.620784 [info ] [MainThread]: Connection:
[0m15:41:38.620922 [info ] [MainThread]:   account: https://hzpeags-cu38473.snowflakecomputing.com
[0m15:41:38.621043 [info ] [MainThread]:   user: mehdee4
[0m15:41:38.621133 [info ] [MainThread]:   database: DBT_HOL_DEV
[0m15:41:38.621221 [info ] [MainThread]:   warehouse: dbt_dev_wh
[0m15:41:38.621307 [info ] [MainThread]:   role: dbt_dev_role
[0m15:41:38.621396 [info ] [MainThread]:   schema: public
[0m15:41:38.621489 [info ] [MainThread]:   authenticator: None
[0m15:41:38.621574 [info ] [MainThread]:   oauth_client_id: None
[0m15:41:38.621661 [info ] [MainThread]:   query_tag: None
[0m15:41:38.621747 [info ] [MainThread]:   client_session_keep_alive: False
[0m15:41:38.621834 [info ] [MainThread]:   host: None
[0m15:41:38.621923 [info ] [MainThread]:   port: None
[0m15:41:38.622006 [info ] [MainThread]:   proxy_host: None
[0m15:41:38.622093 [info ] [MainThread]:   proxy_port: None
[0m15:41:38.622177 [info ] [MainThread]:   protocol: None
[0m15:41:38.622261 [info ] [MainThread]:   connect_retries: 1
[0m15:41:38.622343 [info ] [MainThread]:   connect_timeout: None
[0m15:41:38.622424 [info ] [MainThread]:   retry_on_database_errors: False
[0m15:41:38.622510 [info ] [MainThread]:   retry_all: False
[0m15:41:38.622591 [info ] [MainThread]:   insecure_mode: False
[0m15:41:38.622674 [info ] [MainThread]:   reuse_connections: True
[0m15:41:38.623026 [info ] [MainThread]: Registered adapter: snowflake=1.9.4
[0m15:41:38.685857 [debug] [MainThread]: Acquiring new snowflake connection 'debug'
[0m15:41:38.757292 [debug] [MainThread]: Using snowflake connection "debug"
[0m15:41:38.757498 [debug] [MainThread]: On debug: select 1 as id
[0m15:41:38.757615 [debug] [MainThread]: Opening a new connection, currently in state init
[0m15:41:39.850161 [debug] [MainThread]: Snowflake adapter: Error running SQL: select 1 as id
[0m15:41:39.850487 [debug] [MainThread]: Snowflake adapter: Rolling back transaction.
[0m15:41:39.850766 [info ] [MainThread]:   Connection test: [[31mERROR[0m]

[0m15:41:39.850956 [info ] [MainThread]: [31m1 check failed:[0m
[0m15:41:39.851187 [info ] [MainThread]: dbt was unable to connect to the specified database.
The database returned the following error:

  >Database Error
  250001: Could not connect to Snowflake backend after 2 attempt(s).Aborting

Check your database credentials and try again. For more information, visit:
https://docs.getdbt.com/docs/configure-your-profile


[0m15:41:39.855967 [debug] [MainThread]: Resource report: {"command_name": "debug", "command_success": false, "command_wall_clock_time": 1.8474249, "process_in_blocks": "0", "process_kernel_time": 0.268275, "process_mem_max_rss": "131481600", "process_out_blocks": "0", "process_user_time": 0.83728}
[0m15:41:39.856379 [debug] [MainThread]: Command `dbt debug` failed at 15:41:39.856295 after 1.85 seconds
[0m15:41:39.856664 [debug] [MainThread]: Connection 'debug' was left open.
[0m15:41:39.856906 [debug] [MainThread]: On debug: No close available on handle
[0m15:41:39.857104 [debug] [MainThread]: Sending event: {'category': 'dbt', 'action': 'invocation', 'label': 'end', 'context': [<snowplow_tracker.self_describing_json.SelfDescribingJson object at 0x104e581a0>, <snowplow_tracker.self_describing_json.SelfDescribingJson object at 0x106254a40>, <snowplow_tracker.self_describing_json.SelfDescribingJson object at 0x106271850>]}
[0m15:41:39.857369 [debug] [MainThread]: Flushing usage events
[0m15:41:40.594791 [debug] [MainThread]: An error was encountered while trying to flush usage events
[0m15:43:19.301750 [debug] [MainThread]: Sending event: {'category': 'dbt', 'action': 'invocation', 'label': 'start', 'context': [<snowplow_tracker.self_describing_json.SelfDescribingJson object at 0x10699f2c0>, <snowplow_tracker.self_describing_json.SelfDescribingJson object at 0x1198f62a0>, <snowplow_tracker.self_describing_json.SelfDescribingJson object at 0x1198f6060>]}


============================== 15:43:19.313750 | d4eaa96e-4a33-4cbc-9854-402794515829 ==============================
[0m15:43:19.313750 [info ] [MainThread]: Running with dbt=1.9.6
[0m15:43:19.314232 [debug] [MainThread]: running dbt with arguments {'printer_width': '80', 'indirect_selection': 'eager', 'log_cache_events': 'False', 'write_json': 'True', 'partial_parse': 'True', 'cache_selected_only': 'False', 'warn_error': 'None', 'fail_fast': 'False', 'version_check': 'True', 'log_path': '/Users/mehdiafsharha/Documents/dbt1/dbt_snowflake_project_1/logs', 'debug': 'False', 'profiles_dir': '/Users/mehdiafsharha/.dbt', 'use_colors': 'True', 'use_experimental_parser': 'False', 'no_print': 'None', 'quiet': 'False', 'empty': 'None', 'log_format': 'default', 'static_parser': 'True', 'introspect': 'True', 'warn_error_options': 'WarnErrorOptions(include=[], exclude=[])', 'target_path': 'None', 'invocation_command': 'dbt debug', 'send_anonymous_usage_stats': 'True'}
[0m15:43:19.419164 [info ] [MainThread]: dbt version: 1.9.6
[0m15:43:19.419723 [info ] [MainThread]: python version: 3.12.10
[0m15:43:19.420004 [info ] [MainThread]: python path: /Users/mehdiafsharha/Documents/dbt1/dbt-env/bin/python3.12
[0m15:43:19.420266 [info ] [MainThread]: os info: macOS-15.5-arm64-arm-64bit
[0m15:43:21.812537 [info ] [MainThread]: Using profiles dir at /Users/mehdiafsharha/.dbt
[0m15:43:21.812797 [info ] [MainThread]: Using profiles.yml file at /Users/mehdiafsharha/.dbt/profiles.yml
[0m15:43:21.812917 [info ] [MainThread]: Using dbt_project.yml file at /Users/mehdiafsharha/Documents/dbt1/dbt_snowflake_project_1/dbt_project.yml
[0m15:43:21.817659 [info ] [MainThread]: adapter type: snowflake
[0m15:43:21.817862 [info ] [MainThread]: adapter version: 1.9.4
[0m15:43:21.864930 [info ] [MainThread]: Configuration:
[0m15:43:21.865185 [info ] [MainThread]:   profiles.yml file [[32mOK found and valid[0m]
[0m15:43:21.865307 [info ] [MainThread]:   dbt_project.yml file [[32mOK found and valid[0m]
[0m15:43:21.865409 [info ] [MainThread]: Required dependencies:
[0m15:43:21.865831 [debug] [MainThread]: Executing "git --help"
[0m15:43:21.897955 [debug] [MainThread]: STDOUT: "b"usage: git [-v | --version] [-h | --help] [-C <path>] [-c <name>=<value>]\n           [--exec-path[=<path>]] [--html-path] [--man-path] [--info-path]\n           [-p | --paginate | -P | --no-pager] [--no-replace-objects] [--bare]\n           [--git-dir=<path>] [--work-tree=<path>] [--namespace=<name>]\n           [--super-prefix=<path>] [--config-env=<name>=<envvar>]\n           <command> [<args>]\n\nThese are common Git commands used in various situations:\n\nstart a working area (see also: git help tutorial)\n   clone     Clone a repository into a new directory\n   init      Create an empty Git repository or reinitialize an existing one\n\nwork on the current change (see also: git help everyday)\n   add       Add file contents to the index\n   mv        Move or rename a file, a directory, or a symlink\n   restore   Restore working tree files\n   rm        Remove files from the working tree and from the index\n\nexamine the history and state (see also: git help revisions)\n   bisect    Use binary search to find the commit that introduced a bug\n   diff      Show changes between commits, commit and working tree, etc\n   grep      Print lines matching a pattern\n   log       Show commit logs\n   show      Show various types of objects\n   status    Show the working tree status\n\ngrow, mark and tweak your common history\n   branch    List, create, or delete branches\n   commit    Record changes to the repository\n   merge     Join two or more development histories together\n   rebase    Reapply commits on top of another base tip\n   reset     Reset current HEAD to the specified state\n   switch    Switch branches\n   tag       Create, list, delete or verify a tag object signed with GPG\n\ncollaborate (see also: git help workflows)\n   fetch     Download objects and refs from another repository\n   pull      Fetch from and integrate with another repository or a local branch\n   push      Update remote refs along with associated objects\n\n'git help -a' and 'git help -g' list available subcommands and some\nconcept guides. See 'git help <command>' or 'git help <concept>'\nto read about a specific subcommand or concept.\nSee 'git help git' for an overview of the system.\n""
[0m15:43:21.898488 [debug] [MainThread]: STDERR: "b''"
[0m15:43:21.898695 [info ] [MainThread]:  - git [[32mOK found[0m]

[0m15:43:21.898851 [info ] [MainThread]: Connection:
[0m15:43:21.899012 [info ] [MainThread]:   account: hzpeags-cu38473
[0m15:43:21.899112 [info ] [MainThread]:   user: mehdee4
[0m15:43:21.899229 [info ] [MainThread]:   database: DBT_HOL_DEV
[0m15:43:21.899324 [info ] [MainThread]:   warehouse: dbt_dev_wh
[0m15:43:21.899412 [info ] [MainThread]:   role: dbt_dev_role
[0m15:43:21.899507 [info ] [MainThread]:   schema: public
[0m15:43:21.899600 [info ] [MainThread]:   authenticator: None
[0m15:43:21.899689 [info ] [MainThread]:   oauth_client_id: None
[0m15:43:21.899786 [info ] [MainThread]:   query_tag: None
[0m15:43:21.899873 [info ] [MainThread]:   client_session_keep_alive: False
[0m15:43:21.899965 [info ] [MainThread]:   host: None
[0m15:43:21.900053 [info ] [MainThread]:   port: None
[0m15:43:21.900139 [info ] [MainThread]:   proxy_host: None
[0m15:43:21.900227 [info ] [MainThread]:   proxy_port: None
[0m15:43:21.900310 [info ] [MainThread]:   protocol: None
[0m15:43:21.900398 [info ] [MainThread]:   connect_retries: 1
[0m15:43:21.900482 [info ] [MainThread]:   connect_timeout: None
[0m15:43:21.900565 [info ] [MainThread]:   retry_on_database_errors: False
[0m15:43:21.900651 [info ] [MainThread]:   retry_all: False
[0m15:43:21.900734 [info ] [MainThread]:   insecure_mode: False
[0m15:43:21.900816 [info ] [MainThread]:   reuse_connections: True
[0m15:43:21.901131 [info ] [MainThread]: Registered adapter: snowflake=1.9.4
[0m15:43:22.014620 [debug] [MainThread]: Acquiring new snowflake connection 'debug'
[0m15:43:22.463498 [debug] [MainThread]: Using snowflake connection "debug"
[0m15:43:22.463975 [debug] [MainThread]: On debug: select 1 as id
[0m15:43:22.464279 [debug] [MainThread]: Opening a new connection, currently in state init
[0m15:43:24.225149 [debug] [MainThread]: SQL status: SUCCESS 1 in 1.761 seconds
[0m15:43:24.227085 [info ] [MainThread]:   Connection test: [[32mOK connection ok[0m]

[0m15:43:24.227671 [info ] [MainThread]: [32mAll checks passed![0m
[0m15:43:24.250514 [debug] [MainThread]: Resource report: {"command_name": "debug", "command_success": true, "command_wall_clock_time": 5.054489, "process_in_blocks": "0", "process_kernel_time": 0.97551, "process_mem_max_rss": "145080320", "process_out_blocks": "0", "process_user_time": 2.169311}
[0m15:43:24.251282 [debug] [MainThread]: Command `dbt debug` succeeded at 15:43:24.251106 after 5.06 seconds
[0m15:43:24.251743 [debug] [MainThread]: Connection 'debug' was left open.
[0m15:43:24.252106 [debug] [MainThread]: On debug: Close
[0m15:43:24.407962 [debug] [MainThread]: Sending event: {'category': 'dbt', 'action': 'invocation', 'label': 'end', 'context': [<snowplow_tracker.self_describing_json.SelfDescribingJson object at 0x11cfb3fb0>, <snowplow_tracker.self_describing_json.SelfDescribingJson object at 0x11cc4f0b0>, <snowplow_tracker.self_describing_json.SelfDescribingJson object at 0x11cf31cd0>]}
[0m15:43:24.408951 [debug] [MainThread]: Flushing usage events
[0m15:43:25.299662 [debug] [MainThread]: An error was encountered while trying to flush usage events
[0m15:44:16.284644 [debug] [MainThread]: Sending event: {'category': 'dbt', 'action': 'invocation', 'label': 'start', 'context': [<snowplow_tracker.self_describing_json.SelfDescribingJson object at 0x106e8eba0>, <snowplow_tracker.self_describing_json.SelfDescribingJson object at 0x107366330>, <snowplow_tracker.self_describing_json.SelfDescribingJson object at 0x1073660c0>]}


============================== 15:44:16.287518 | e9e51986-a545-48d5-9b51-13e11b980374 ==============================
[0m15:44:16.287518 [info ] [MainThread]: Running with dbt=1.9.6
[0m15:44:16.287772 [debug] [MainThread]: running dbt with arguments {'printer_width': '80', 'indirect_selection': 'eager', 'log_cache_events': 'False', 'write_json': 'True', 'partial_parse': 'True', 'cache_selected_only': 'False', 'profiles_dir': '/Users/mehdiafsharha/.dbt', 'fail_fast': 'False', 'version_check': 'True', 'log_path': '/Users/mehdiafsharha/Documents/dbt1/dbt_snowflake_project_1/logs', 'warn_error': 'None', 'debug': 'False', 'use_colors': 'True', 'use_experimental_parser': 'False', 'no_print': 'None', 'quiet': 'False', 'empty': 'None', 'log_format': 'default', 'introspect': 'True', 'warn_error_options': 'WarnErrorOptions(include=[], exclude=[])', 'invocation_command': 'dbt debug', 'target_path': 'None', 'static_parser': 'True', 'send_anonymous_usage_stats': 'True'}
[0m15:44:16.300413 [info ] [MainThread]: dbt version: 1.9.6
[0m15:44:16.300703 [info ] [MainThread]: python version: 3.12.10
[0m15:44:16.300846 [info ] [MainThread]: python path: /Users/mehdiafsharha/Documents/dbt1/dbt-env/bin/python3.12
[0m15:44:16.300995 [info ] [MainThread]: os info: macOS-15.5-arm64-arm-64bit
[0m15:44:16.538193 [info ] [MainThread]: Using profiles dir at /Users/mehdiafsharha/.dbt
[0m15:44:16.538400 [info ] [MainThread]: Using profiles.yml file at /Users/mehdiafsharha/.dbt/profiles.yml
[0m15:44:16.538514 [info ] [MainThread]: Using dbt_project.yml file at /Users/mehdiafsharha/Documents/dbt1/dbt_snowflake_project_1/dbt_project.yml
[0m15:44:16.538906 [info ] [MainThread]: adapter type: snowflake
[0m15:44:16.539059 [info ] [MainThread]: adapter version: 1.9.4
[0m15:44:16.571737 [info ] [MainThread]: Configuration:
[0m15:44:16.571963 [info ] [MainThread]:   profiles.yml file [[32mOK found and valid[0m]
[0m15:44:16.572079 [info ] [MainThread]:   dbt_project.yml file [[32mOK found and valid[0m]
[0m15:44:16.572183 [info ] [MainThread]: Required dependencies:
[0m15:44:16.572581 [debug] [MainThread]: Executing "git --help"
[0m15:44:16.589480 [debug] [MainThread]: STDOUT: "b"usage: git [-v | --version] [-h | --help] [-C <path>] [-c <name>=<value>]\n           [--exec-path[=<path>]] [--html-path] [--man-path] [--info-path]\n           [-p | --paginate | -P | --no-pager] [--no-replace-objects] [--bare]\n           [--git-dir=<path>] [--work-tree=<path>] [--namespace=<name>]\n           [--super-prefix=<path>] [--config-env=<name>=<envvar>]\n           <command> [<args>]\n\nThese are common Git commands used in various situations:\n\nstart a working area (see also: git help tutorial)\n   clone     Clone a repository into a new directory\n   init      Create an empty Git repository or reinitialize an existing one\n\nwork on the current change (see also: git help everyday)\n   add       Add file contents to the index\n   mv        Move or rename a file, a directory, or a symlink\n   restore   Restore working tree files\n   rm        Remove files from the working tree and from the index\n\nexamine the history and state (see also: git help revisions)\n   bisect    Use binary search to find the commit that introduced a bug\n   diff      Show changes between commits, commit and working tree, etc\n   grep      Print lines matching a pattern\n   log       Show commit logs\n   show      Show various types of objects\n   status    Show the working tree status\n\ngrow, mark and tweak your common history\n   branch    List, create, or delete branches\n   commit    Record changes to the repository\n   merge     Join two or more development histories together\n   rebase    Reapply commits on top of another base tip\n   reset     Reset current HEAD to the specified state\n   switch    Switch branches\n   tag       Create, list, delete or verify a tag object signed with GPG\n\ncollaborate (see also: git help workflows)\n   fetch     Download objects and refs from another repository\n   pull      Fetch from and integrate with another repository or a local branch\n   push      Update remote refs along with associated objects\n\n'git help -a' and 'git help -g' list available subcommands and some\nconcept guides. See 'git help <command>' or 'git help <concept>'\nto read about a specific subcommand or concept.\nSee 'git help git' for an overview of the system.\n""
[0m15:44:16.589880 [debug] [MainThread]: STDERR: "b''"
[0m15:44:16.590035 [info ] [MainThread]:  - git [[32mOK found[0m]

[0m15:44:16.590159 [info ] [MainThread]: Connection:
[0m15:44:16.590286 [info ] [MainThread]:   account: hzpeags-cu38473
[0m15:44:16.590381 [info ] [MainThread]:   user: dbt_user
[0m15:44:16.590475 [info ] [MainThread]:   database: DBT_HOL_DEV
[0m15:44:16.590576 [info ] [MainThread]:   warehouse: dbt_dev_wh
[0m15:44:16.590663 [info ] [MainThread]:   role: dbt_dev_role
[0m15:44:16.590761 [info ] [MainThread]:   schema: public
[0m15:44:16.590932 [info ] [MainThread]:   authenticator: None
[0m15:44:16.591033 [info ] [MainThread]:   oauth_client_id: None
[0m15:44:16.591125 [info ] [MainThread]:   query_tag: None
[0m15:44:16.591215 [info ] [MainThread]:   client_session_keep_alive: False
[0m15:44:16.591303 [info ] [MainThread]:   host: None
[0m15:44:16.591393 [info ] [MainThread]:   port: None
[0m15:44:16.591479 [info ] [MainThread]:   proxy_host: None
[0m15:44:16.591563 [info ] [MainThread]:   proxy_port: None
[0m15:44:16.591649 [info ] [MainThread]:   protocol: None
[0m15:44:16.591731 [info ] [MainThread]:   connect_retries: 1
[0m15:44:16.591815 [info ] [MainThread]:   connect_timeout: None
[0m15:44:16.591899 [info ] [MainThread]:   retry_on_database_errors: False
[0m15:44:16.591982 [info ] [MainThread]:   retry_all: False
[0m15:44:16.592068 [info ] [MainThread]:   insecure_mode: False
[0m15:44:16.592152 [info ] [MainThread]:   reuse_connections: True
[0m15:44:16.592453 [info ] [MainThread]: Registered adapter: snowflake=1.9.4
[0m15:44:16.643165 [debug] [MainThread]: Acquiring new snowflake connection 'debug'
[0m15:44:16.706873 [debug] [MainThread]: Using snowflake connection "debug"
[0m15:44:16.707057 [debug] [MainThread]: On debug: select 1 as id
[0m15:44:16.707161 [debug] [MainThread]: Opening a new connection, currently in state init
[0m15:44:17.472415 [debug] [MainThread]: SQL status: SUCCESS 1 in 0.765 seconds
[0m15:44:17.474427 [info ] [MainThread]:   Connection test: [[32mOK connection ok[0m]

[0m15:44:17.474994 [info ] [MainThread]: [32mAll checks passed![0m
[0m15:44:17.482449 [debug] [MainThread]: Resource report: {"command_name": "debug", "command_success": true, "command_wall_clock_time": 1.230952, "process_in_blocks": "0", "process_kernel_time": 0.205413, "process_mem_max_rss": "142376960", "process_out_blocks": "0", "process_user_time": 0.728739}
[0m15:44:17.483291 [debug] [MainThread]: Command `dbt debug` succeeded at 15:44:17.483109 after 1.23 seconds
[0m15:44:17.483870 [debug] [MainThread]: Connection 'debug' was left open.
[0m15:44:17.484276 [debug] [MainThread]: On debug: Close
[0m15:44:17.620733 [debug] [MainThread]: Sending event: {'category': 'dbt', 'action': 'invocation', 'label': 'end', 'context': [<snowplow_tracker.self_describing_json.SelfDescribingJson object at 0x106e8eba0>, <snowplow_tracker.self_describing_json.SelfDescribingJson object at 0x107b9ede0>, <snowplow_tracker.self_describing_json.SelfDescribingJson object at 0x107a06ea0>]}
[0m15:44:17.621706 [debug] [MainThread]: Flushing usage events
[0m15:44:18.233654 [debug] [MainThread]: An error was encountered while trying to flush usage events
[0m15:46:16.364936 [debug] [MainThread]: Sending event: {'category': 'dbt', 'action': 'invocation', 'label': 'start', 'context': [<snowplow_tracker.self_describing_json.SelfDescribingJson object at 0x1032ddbb0>, <snowplow_tracker.self_describing_json.SelfDescribingJson object at 0x1052f26c0>, <snowplow_tracker.self_describing_json.SelfDescribingJson object at 0x1052f1e20>]}


============================== 15:46:16.367920 | 371062a0-d656-4872-8b40-df10ec37d9b9 ==============================
[0m15:46:16.367920 [info ] [MainThread]: Running with dbt=1.9.6
[0m15:46:16.368191 [debug] [MainThread]: running dbt with arguments {'printer_width': '80', 'indirect_selection': 'eager', 'log_cache_events': 'False', 'write_json': 'True', 'partial_parse': 'True', 'cache_selected_only': 'False', 'profiles_dir': '/Users/mehdiafsharha/.dbt', 'fail_fast': 'False', 'version_check': 'True', 'log_path': '/Users/mehdiafsharha/Documents/dbt1/dbt_snowflake_project_1/logs', 'debug': 'False', 'warn_error': 'None', 'use_colors': 'True', 'use_experimental_parser': 'False', 'no_print': 'None', 'quiet': 'False', 'empty': 'False', 'warn_error_options': 'WarnErrorOptions(include=[], exclude=[])', 'introspect': 'True', 'static_parser': 'True', 'invocation_command': 'dbt run', 'target_path': 'None', 'log_format': 'default', 'send_anonymous_usage_stats': 'True'}
[0m15:46:16.675703 [debug] [MainThread]: Sending event: {'category': 'dbt', 'action': 'project_id', 'label': '371062a0-d656-4872-8b40-df10ec37d9b9', 'context': [<snowplow_tracker.self_describing_json.SelfDescribingJson object at 0x102f435c0>]}
[0m15:46:16.694235 [debug] [MainThread]: Sending event: {'category': 'dbt', 'action': 'adapter_info', 'label': '371062a0-d656-4872-8b40-df10ec37d9b9', 'context': [<snowplow_tracker.self_describing_json.SelfDescribingJson object at 0x105d37920>]}
[0m15:46:16.694940 [info ] [MainThread]: Registered adapter: snowflake=1.9.4
[0m15:46:16.776143 [debug] [MainThread]: checksum: dd6dc1e5178459e3de3bf2eeb7c86bed4be2266c311fce8c15d86eb4ff94e7ad, vars: {}, profile: , target: , version: 1.9.6
[0m15:46:16.816189 [info ] [MainThread]: Unable to do partial parsing because profile has changed
[0m15:46:16.816406 [debug] [MainThread]: Sending event: {'category': 'dbt', 'action': 'partial_parser', 'label': '371062a0-d656-4872-8b40-df10ec37d9b9', 'context': [<snowplow_tracker.self_describing_json.SelfDescribingJson object at 0x105f3a540>]}
[0m15:46:17.546731 [debug] [MainThread]: Sending event: {'category': 'dbt', 'action': 'load_project', 'label': '371062a0-d656-4872-8b40-df10ec37d9b9', 'context': [<snowplow_tracker.self_describing_json.SelfDescribingJson object at 0x10609d5b0>]}
[0m15:46:17.583033 [debug] [MainThread]: Wrote artifact WritableManifest to /Users/mehdiafsharha/Documents/dbt1/dbt_snowflake_project_1/target/manifest.json
[0m15:46:17.600044 [debug] [MainThread]: Wrote artifact SemanticManifest to /Users/mehdiafsharha/Documents/dbt1/dbt_snowflake_project_1/target/semantic_manifest.json
[0m15:46:17.649355 [debug] [MainThread]: Sending event: {'category': 'dbt', 'action': 'resource_counts', 'label': '371062a0-d656-4872-8b40-df10ec37d9b9', 'context': [<snowplow_tracker.self_describing_json.SelfDescribingJson object at 0x1064ee180>]}
[0m15:46:17.649611 [info ] [MainThread]: Found 3 models, 4 data tests, 476 macros
[0m15:46:17.649753 [debug] [MainThread]: Sending event: {'category': 'dbt', 'action': 'runnable_timing', 'label': '371062a0-d656-4872-8b40-df10ec37d9b9', 'context': [<snowplow_tracker.self_describing_json.SelfDescribingJson object at 0x10654e1b0>]}
[0m15:46:17.650629 [info ] [MainThread]: 
[0m15:46:17.650816 [info ] [MainThread]: Concurrency: 1 threads (target='dev')
[0m15:46:17.650936 [info ] [MainThread]: 
[0m15:46:17.651147 [debug] [MainThread]: Acquiring new snowflake connection 'master'
[0m15:46:17.653151 [debug] [ThreadPool]: Acquiring new snowflake connection 'list_DBT_HOL_DEV'
[0m15:46:17.727459 [debug] [ThreadPool]: Using snowflake connection "list_DBT_HOL_DEV"
[0m15:46:17.727657 [debug] [ThreadPool]: On list_DBT_HOL_DEV: /* {"app": "dbt", "dbt_version": "1.9.6", "profile_name": "dbt_snowflake_project_1", "target_name": "dev", "connection_name": "list_DBT_HOL_DEV"} */
show terse schemas in database DBT_HOL_DEV
    limit 10000
[0m15:46:17.727758 [debug] [ThreadPool]: Opening a new connection, currently in state init
[0m15:46:18.576161 [debug] [ThreadPool]: SQL status: SUCCESS 2 in 0.848 seconds
[0m15:46:18.579504 [debug] [ThreadPool]: Re-using an available connection from the pool (formerly list_DBT_HOL_DEV, now list_DBT_HOL_DEV_public)
[0m15:46:18.592950 [debug] [ThreadPool]: Using snowflake connection "list_DBT_HOL_DEV_public"
[0m15:46:18.593406 [debug] [ThreadPool]: On list_DBT_HOL_DEV_public: /* {"app": "dbt", "dbt_version": "1.9.6", "profile_name": "dbt_snowflake_project_1", "target_name": "dev", "connection_name": "list_DBT_HOL_DEV_public"} */
alter session set quoted_identifiers_ignore_case = false;
[0m15:46:18.703806 [debug] [ThreadPool]: SQL status: SUCCESS 1 in 0.110 seconds
[0m15:46:18.709954 [debug] [ThreadPool]: Using snowflake connection "list_DBT_HOL_DEV_public"
[0m15:46:18.710480 [debug] [ThreadPool]: On list_DBT_HOL_DEV_public: /* {"app": "dbt", "dbt_version": "1.9.6", "profile_name": "dbt_snowflake_project_1", "target_name": "dev", "connection_name": "list_DBT_HOL_DEV_public"} */
show objects in DBT_HOL_DEV.public
    limit 10000
    
;
[0m15:46:18.859477 [debug] [ThreadPool]: SQL status: SUCCESS 1 in 0.148 seconds
[0m15:46:18.863056 [debug] [ThreadPool]: Using snowflake connection "list_DBT_HOL_DEV_public"
[0m15:46:18.863548 [debug] [ThreadPool]: On list_DBT_HOL_DEV_public: /* {"app": "dbt", "dbt_version": "1.9.6", "profile_name": "dbt_snowflake_project_1", "target_name": "dev", "connection_name": "list_DBT_HOL_DEV_public"} */
alter session unset quoted_identifiers_ignore_case;
[0m15:46:18.958474 [debug] [ThreadPool]: SQL status: SUCCESS 1 in 0.094 seconds
[0m15:46:18.962589 [debug] [MainThread]: Sending event: {'category': 'dbt', 'action': 'runnable_timing', 'label': '371062a0-d656-4872-8b40-df10ec37d9b9', 'context': [<snowplow_tracker.self_describing_json.SelfDescribingJson object at 0x1063591f0>]}
[0m15:46:18.982014 [debug] [Thread-1 (]: Began running node model.dbt_snowflake_project_1.my_first_dbt_model
[0m15:46:18.982787 [info ] [Thread-1 (]: 1 of 3 START sql table model public.my_first_dbt_model ......................... [RUN]
[0m15:46:18.983475 [debug] [Thread-1 (]: Re-using an available connection from the pool (formerly list_DBT_HOL_DEV_public, now model.dbt_snowflake_project_1.my_first_dbt_model)
[0m15:46:18.983949 [debug] [Thread-1 (]: Began compiling node model.dbt_snowflake_project_1.my_first_dbt_model
[0m15:46:18.994336 [debug] [Thread-1 (]: Writing injected SQL for node "model.dbt_snowflake_project_1.my_first_dbt_model"
[0m15:46:18.997603 [debug] [Thread-1 (]: Began executing node model.dbt_snowflake_project_1.my_first_dbt_model
[0m15:46:19.019124 [debug] [Thread-1 (]: Writing runtime sql for node "model.dbt_snowflake_project_1.my_first_dbt_model"
[0m15:46:19.026726 [debug] [Thread-1 (]: Using snowflake connection "model.dbt_snowflake_project_1.my_first_dbt_model"
[0m15:46:19.026922 [debug] [Thread-1 (]: On model.dbt_snowflake_project_1.my_first_dbt_model: /* {"app": "dbt", "dbt_version": "1.9.6", "profile_name": "dbt_snowflake_project_1", "target_name": "dev", "node_id": "model.dbt_snowflake_project_1.my_first_dbt_model"} */
create or replace transient table DBT_HOL_DEV.public.my_first_dbt_model
    

    
    as (/*
    Welcome to your first dbt model!
    Did you know that you can also configure models directly within SQL files?
    This will override configurations stated in dbt_project.yml

    Try changing "table" to "view" below
*/



with source_data as (

    select 1 as id
    union all
    select null as id

)

select *
from source_data

/*
    Uncomment the line below to remove records with null `id` values
*/

-- where id is not null
    )
;
[0m15:46:20.119572 [debug] [Thread-1 (]: SQL status: SUCCESS 1 in 1.092 seconds
[0m15:46:20.149626 [debug] [Thread-1 (]: Sending event: {'category': 'dbt', 'action': 'run_model', 'label': '371062a0-d656-4872-8b40-df10ec37d9b9', 'context': [<snowplow_tracker.self_describing_json.SelfDescribingJson object at 0x102f42810>]}
[0m15:46:20.150116 [info ] [Thread-1 (]: 1 of 3 OK created sql table model public.my_first_dbt_model .................... [[32mSUCCESS 1[0m in 1.16s]
[0m15:46:20.150534 [debug] [Thread-1 (]: Finished running node model.dbt_snowflake_project_1.my_first_dbt_model
[0m15:46:20.150864 [debug] [Thread-1 (]: Began running node model.dbt_snowflake_project_1.test2
[0m15:46:20.151380 [info ] [Thread-1 (]: 2 of 3 START sql view model public.test2 ....................................... [RUN]
[0m15:46:20.151962 [debug] [Thread-1 (]: Re-using an available connection from the pool (formerly model.dbt_snowflake_project_1.my_first_dbt_model, now model.dbt_snowflake_project_1.test2)
[0m15:46:20.152306 [debug] [Thread-1 (]: Began compiling node model.dbt_snowflake_project_1.test2
[0m15:46:20.153857 [debug] [Thread-1 (]: Writing injected SQL for node "model.dbt_snowflake_project_1.test2"
[0m15:46:20.154946 [debug] [Thread-1 (]: Began executing node model.dbt_snowflake_project_1.test2
[0m15:46:20.169222 [debug] [Thread-1 (]: Writing runtime sql for node "model.dbt_snowflake_project_1.test2"
[0m15:46:20.170350 [debug] [Thread-1 (]: Using snowflake connection "model.dbt_snowflake_project_1.test2"
[0m15:46:20.170551 [debug] [Thread-1 (]: On model.dbt_snowflake_project_1.test2: /* {"app": "dbt", "dbt_version": "1.9.6", "profile_name": "dbt_snowflake_project_1", "target_name": "dev", "node_id": "model.dbt_snowflake_project_1.test2"} */
create or replace   view DBT_HOL_DEV.public.test2
  
   as (
    select 1 as col1
  );
[0m15:46:20.345056 [debug] [Thread-1 (]: SQL status: SUCCESS 1 in 0.174 seconds
[0m15:46:20.349110 [debug] [Thread-1 (]: Sending event: {'category': 'dbt', 'action': 'run_model', 'label': '371062a0-d656-4872-8b40-df10ec37d9b9', 'context': [<snowplow_tracker.self_describing_json.SelfDescribingJson object at 0x107577ec0>]}
[0m15:46:20.349989 [info ] [Thread-1 (]: 2 of 3 OK created sql view model public.test2 .................................. [[32mSUCCESS 1[0m in 0.20s]
[0m15:46:20.350814 [debug] [Thread-1 (]: Finished running node model.dbt_snowflake_project_1.test2
[0m15:46:20.351328 [debug] [Thread-1 (]: Began running node model.dbt_snowflake_project_1.my_second_dbt_model
[0m15:46:20.351907 [info ] [Thread-1 (]: 3 of 3 START sql view model public.my_second_dbt_model ......................... [RUN]
[0m15:46:20.352445 [debug] [Thread-1 (]: Re-using an available connection from the pool (formerly model.dbt_snowflake_project_1.test2, now model.dbt_snowflake_project_1.my_second_dbt_model)
[0m15:46:20.352851 [debug] [Thread-1 (]: Began compiling node model.dbt_snowflake_project_1.my_second_dbt_model
[0m15:46:20.356824 [debug] [Thread-1 (]: Writing injected SQL for node "model.dbt_snowflake_project_1.my_second_dbt_model"
[0m15:46:20.359012 [debug] [Thread-1 (]: Began executing node model.dbt_snowflake_project_1.my_second_dbt_model
[0m15:46:20.361891 [debug] [Thread-1 (]: Writing runtime sql for node "model.dbt_snowflake_project_1.my_second_dbt_model"
[0m15:46:20.363519 [debug] [Thread-1 (]: Using snowflake connection "model.dbt_snowflake_project_1.my_second_dbt_model"
[0m15:46:20.364008 [debug] [Thread-1 (]: On model.dbt_snowflake_project_1.my_second_dbt_model: /* {"app": "dbt", "dbt_version": "1.9.6", "profile_name": "dbt_snowflake_project_1", "target_name": "dev", "node_id": "model.dbt_snowflake_project_1.my_second_dbt_model"} */
create or replace   view DBT_HOL_DEV.public.my_second_dbt_model
  
   as (
    -- Use the `ref` function to select from other models

select *
from DBT_HOL_DEV.public.my_first_dbt_model
where id = 1
  );
[0m15:46:20.735763 [debug] [Thread-1 (]: SQL status: SUCCESS 1 in 0.371 seconds
[0m15:46:20.739366 [debug] [Thread-1 (]: Sending event: {'category': 'dbt', 'action': 'run_model', 'label': '371062a0-d656-4872-8b40-df10ec37d9b9', 'context': [<snowplow_tracker.self_describing_json.SelfDescribingJson object at 0x107577980>]}
[0m15:46:20.740266 [info ] [Thread-1 (]: 3 of 3 OK created sql view model public.my_second_dbt_model .................... [[32mSUCCESS 1[0m in 0.39s]
[0m15:46:20.741020 [debug] [Thread-1 (]: Finished running node model.dbt_snowflake_project_1.my_second_dbt_model
[0m15:46:20.742793 [debug] [MainThread]: Connection 'master' was properly closed.
[0m15:46:20.743217 [debug] [MainThread]: Connection 'model.dbt_snowflake_project_1.my_second_dbt_model' was left open.
[0m15:46:20.743593 [debug] [MainThread]: On model.dbt_snowflake_project_1.my_second_dbt_model: Close
[0m15:46:20.901626 [info ] [MainThread]: 
[0m15:46:20.902454 [info ] [MainThread]: Finished running 1 table model, 2 view models in 0 hours 0 minutes and 3.25 seconds (3.25s).
[0m15:46:20.903779 [debug] [MainThread]: Command end result
[0m15:46:20.936613 [debug] [MainThread]: Wrote artifact WritableManifest to /Users/mehdiafsharha/Documents/dbt1/dbt_snowflake_project_1/target/manifest.json
[0m15:46:20.939784 [debug] [MainThread]: Wrote artifact SemanticManifest to /Users/mehdiafsharha/Documents/dbt1/dbt_snowflake_project_1/target/semantic_manifest.json
[0m15:46:20.944146 [debug] [MainThread]: Wrote artifact RunExecutionResult to /Users/mehdiafsharha/Documents/dbt1/dbt_snowflake_project_1/target/run_results.json
[0m15:46:20.944404 [info ] [MainThread]: 
[0m15:46:20.944664 [info ] [MainThread]: [32mCompleted successfully[0m
[0m15:46:20.944862 [info ] [MainThread]: 
[0m15:46:20.944997 [info ] [MainThread]: Done. PASS=3 WARN=0 ERROR=0 SKIP=0 TOTAL=3
[0m15:46:20.947784 [debug] [MainThread]: Resource report: {"command_name": "run", "command_success": true, "command_wall_clock_time": 4.6141486, "process_in_blocks": "0", "process_kernel_time": 0.273131, "process_mem_max_rss": "155172864", "process_out_blocks": "0", "process_user_time": 1.45612}
[0m15:46:20.947998 [debug] [MainThread]: Command `dbt run` succeeded at 15:46:20.947956 after 4.61 seconds
[0m15:46:20.948162 [debug] [MainThread]: Sending event: {'category': 'dbt', 'action': 'invocation', 'label': 'end', 'context': [<snowplow_tracker.self_describing_json.SelfDescribingJson object at 0x1050686e0>, <snowplow_tracker.self_describing_json.SelfDescribingJson object at 0x10609d3d0>, <snowplow_tracker.self_describing_json.SelfDescribingJson object at 0x1064ecf20>]}
[0m15:46:20.948321 [debug] [MainThread]: Flushing usage events
[0m15:46:21.642529 [debug] [MainThread]: An error was encountered while trying to flush usage events
